{"/home/vpadilla/vinnare-front/src/components/atoms/Button.tsx": {"path":"/home/vpadilla/vinnare-front/src/components/atoms/Button.tsx","statementMap":{"0":{"start":{"line":1,"column":0},"end":{"line":1,"column":36}},"1":{"start":{"line":2,"column":0},"end":{"line":2,"column":26}},"2":{"start":{"line":9,"column":15},"end":{"line":26,"column":1}},"3":{"start":{"line":10,"column":21},"end":{"line":10,"column":74}},"4":{"start":{"line":12,"column":19},"end":{"line":16,"column":4}},"5":{"start":{"line":18,"column":2},"end":{"line":25,"column":4}},"6":{"start":{"line":28,"column":0},"end":{"line":28,"column":22}}},"fnMap":{"0":{"name":"(anonymous_1)","decl":{"start":{"line":9,"column":15},"end":{"line":9,"column":16}},"loc":{"start":{"line":9,"column":87},"end":{"line":26,"column":1}}}},"branchMap":{"0":{"loc":{"start":{"line":9,"column":18},"end":{"line":9,"column":37}},"type":"default-arg","locations":[{"start":{"line":9,"column":28},"end":{"line":9,"column":37}}]}},"s":{"0":3,"1":3,"2":3,"3":61,"4":61,"5":61,"6":3},"f":{"0":61},"b":{"0":[35]}}
,"/home/vpadilla/vinnare-front/src/components/atoms/CheckboxField.tsx": {"path":"/home/vpadilla/vinnare-front/src/components/atoms/CheckboxField.tsx","statementMap":{"0":{"start":{"line":1,"column":0},"end":{"line":1,"column":35}},"1":{"start":{"line":2,"column":0},"end":{"line":2,"column":26}},"2":{"start":{"line":9,"column":22},"end":{"line":40,"column":null}},"3":{"start":{"line":11,"column":4},"end":{"line":39,"column":6}},"4":{"start":{"line":43,"column":0},"end":{"line":43,"column":29}}},"fnMap":{"0":{"name":"(anonymous_1)","decl":{"start":{"line":10,"column":2},"end":{"line":10,"column":3}},"loc":{"start":{"line":10,"column":38},"end":{"line":40,"column":3}}}},"branchMap":{"0":{"loc":{"start":{"line":37,"column":9},"end":{"line":37,"column":65}},"type":"binary-expr","locations":[{"start":{"line":37,"column":9},"end":{"line":37,"column":14}},{"start":{"line":37,"column":18},"end":{"line":37,"column":65}}]}},"s":{"0":2,"1":2,"2":2,"3":31,"4":2},"f":{"0":31},"b":{"0":[31,1]}}
,"/home/vpadilla/vinnare-front/src/components/atoms/InputField.tsx": {"path":"/home/vpadilla/vinnare-front/src/components/atoms/InputField.tsx","statementMap":{"0":{"start":{"line":1,"column":0},"end":{"line":1,"column":35}},"1":{"start":{"line":2,"column":0},"end":{"line":2,"column":26}},"2":{"start":{"line":9,"column":19},"end":{"line":29,"column":null}},"3":{"start":{"line":11,"column":20},"end":{"line":11,"column":66}},"4":{"start":{"line":12,"column":4},"end":{"line":28,"column":6}},"5":{"start":{"line":32,"column":0},"end":{"line":32,"column":26}}},"fnMap":{"0":{"name":"(anonymous_1)","decl":{"start":{"line":10,"column":2},"end":{"line":10,"column":3}},"loc":{"start":{"line":10,"column":41},"end":{"line":29,"column":3}}}},"branchMap":{"0":{"loc":{"start":{"line":11,"column":20},"end":{"line":11,"column":66}},"type":"binary-expr","locations":[{"start":{"line":11,"column":20},"end":{"line":11,"column":22}},{"start":{"line":11,"column":26},"end":{"line":11,"column":66}}]},"1":{"loc":{"start":{"line":18,"column":16},"end":{"line":18,"column":36}},"type":"binary-expr","locations":[{"start":{"line":18,"column":16},"end":{"line":18,"column":26}},{"start":{"line":18,"column":30},"end":{"line":18,"column":36}}]},"2":{"loc":{"start":{"line":23,"column":14},"end":{"line":23,"column":null}},"type":"cond-expr","locations":[{"start":{"line":23,"column":22},"end":{"line":23,"column":38}},{"start":{"line":23,"column":41},"end":{"line":23,"column":null}}]},"3":{"loc":{"start":{"line":26,"column":9},"end":{"line":26,"column":65}},"type":"binary-expr","locations":[{"start":{"line":26,"column":9},"end":{"line":26,"column":14}},{"start":{"line":26,"column":18},"end":{"line":26,"column":65}}]}},"s":{"0":3,"1":3,"2":3,"3":189,"4":189,"5":3},"f":{"0":189},"b":{"0":[189,189],"1":[189,132],"2":[18,171],"3":[189,18]}}
,"/home/vpadilla/vinnare-front/src/components/atoms/SelectField.tsx": {"path":"/home/vpadilla/vinnare-front/src/components/atoms/SelectField.tsx","statementMap":{"0":{"start":{"line":1,"column":0},"end":{"line":1,"column":35}},"1":{"start":{"line":2,"column":0},"end":{"line":2,"column":26}},"2":{"start":{"line":15,"column":20},"end":{"line":40,"column":null}},"3":{"start":{"line":17,"column":20},"end":{"line":17,"column":66}},"4":{"start":{"line":18,"column":4},"end":{"line":39,"column":6}},"5":{"start":{"line":32,"column":12},"end":{"line":32,"column":36}},"6":{"start":{"line":43,"column":0},"end":{"line":43,"column":27}}},"fnMap":{"0":{"name":"(anonymous_1)","decl":{"start":{"line":16,"column":2},"end":{"line":16,"column":3}},"loc":{"start":{"line":16,"column":51},"end":{"line":40,"column":3}}},"1":{"name":"(anonymous_2)","decl":{"start":{"line":31,"column":23},"end":{"line":31,"column":24}},"loc":{"start":{"line":32,"column":12},"end":{"line":32,"column":36}}}},"branchMap":{"0":{"loc":{"start":{"line":17,"column":20},"end":{"line":17,"column":66}},"type":"binary-expr","locations":[{"start":{"line":17,"column":20},"end":{"line":17,"column":22}},{"start":{"line":17,"column":26},"end":{"line":17,"column":66}}]},"1":{"loc":{"start":{"line":26,"column":12},"end":{"line":26,"column":56}},"type":"cond-expr","locations":[{"start":{"line":26,"column":20},"end":{"line":26,"column":36}},{"start":{"line":26,"column":39},"end":{"line":26,"column":56}}]},"2":{"loc":{"start":{"line":27,"column":14},"end":{"line":27,"column":68}},"type":"cond-expr","locations":[{"start":{"line":27,"column":35},"end":{"line":27,"column":50}},{"start":{"line":27,"column":53},"end":{"line":27,"column":68}}]},"3":{"loc":{"start":{"line":37,"column":9},"end":{"line":37,"column":65}},"type":"binary-expr","locations":[{"start":{"line":37,"column":9},"end":{"line":37,"column":14}},{"start":{"line":37,"column":18},"end":{"line":37,"column":65}}]}},"s":{"0":2,"1":2,"2":2,"3":36,"4":36,"5":36,"6":2},"f":{"0":36,"1":36},"b":{"0":[36,36],"1":[4,32],"2":[4,32],"3":[36,4]}}
,"/home/vpadilla/vinnare-front/src/components/molecules/PasswordInput.tsx": {"path":"/home/vpadilla/vinnare-front/src/components/molecules/PasswordInput.tsx","statementMap":{"0":{"start":{"line":1,"column":0},"end":{"line":1,"column":45}},"1":{"start":{"line":2,"column":0},"end":{"line":2,"column":51}},"2":{"start":{"line":3,"column":0},"end":{"line":3,"column":26}},"3":{"start":{"line":10,"column":22},"end":{"line":42,"column":null}},"4":{"start":{"line":12,"column":20},"end":{"line":12,"column":66}},"5":{"start":{"line":13,"column":28},"end":{"line":13,"column":43}},"6":{"start":{"line":15,"column":4},"end":{"line":41,"column":6}},"7":{"start":{"line":33,"column":27},"end":{"line":33,"column":41}},"8":{"start":{"line":45,"column":0},"end":{"line":45,"column":29}}},"fnMap":{"0":{"name":"(anonymous_1)","decl":{"start":{"line":11,"column":2},"end":{"line":11,"column":3}},"loc":{"start":{"line":11,"column":40},"end":{"line":42,"column":3}}},"1":{"name":"(anonymous_2)","decl":{"start":{"line":33,"column":21},"end":{"line":33,"column":24}},"loc":{"start":{"line":33,"column":27},"end":{"line":33,"column":41}}}},"branchMap":{"0":{"loc":{"start":{"line":12,"column":20},"end":{"line":12,"column":66}},"type":"binary-expr","locations":[{"start":{"line":12,"column":20},"end":{"line":12,"column":22}},{"start":{"line":12,"column":26},"end":{"line":12,"column":66}}]},"1":{"loc":{"start":{"line":21,"column":18},"end":{"line":21,"column":44}},"type":"cond-expr","locations":[{"start":{"line":21,"column":25},"end":{"line":21,"column":31}},{"start":{"line":21,"column":34},"end":{"line":21,"column":44}}]},"2":{"loc":{"start":{"line":27,"column":18},"end":{"line":27,"column":null}},"type":"cond-expr","locations":[{"start":{"line":27,"column":26},"end":{"line":27,"column":42}},{"start":{"line":27,"column":45},"end":{"line":27,"column":null}}]},"3":{"loc":{"start":{"line":36,"column":13},"end":{"line":36,"column":46}},"type":"cond-expr","locations":[{"start":{"line":36,"column":20},"end":{"line":36,"column":34}},{"start":{"line":36,"column":37},"end":{"line":36,"column":46}}]},"4":{"loc":{"start":{"line":39,"column":9},"end":{"line":39,"column":65}},"type":"binary-expr","locations":[{"start":{"line":39,"column":9},"end":{"line":39,"column":14}},{"start":{"line":39,"column":18},"end":{"line":39,"column":65}}]}},"s":{"0":3,"1":3,"2":3,"3":3,"4":96,"5":96,"6":96,"7":2,"8":3},"f":{"0":96,"1":2},"b":{"0":[96,96],"1":[1,95],"2":[7,89],"3":[1,95],"4":[96,7]}}
,"/home/vpadilla/vinnare-front/src/components/molecules/SearchBar.tsx": {"path":"/home/vpadilla/vinnare-front/src/components/molecules/SearchBar.tsx","statementMap":{"0":{"start":{"line":1,"column":0},"end":{"line":1,"column":59}},"1":{"start":{"line":2,"column":0},"end":{"line":2,"column":42}},"2":{"start":{"line":3,"column":0},"end":{"line":3,"column":64}},"3":{"start":{"line":4,"column":0},"end":{"line":4,"column":47}},"4":{"start":{"line":6,"column":25},"end":{"line":86,"column":1}},"5":{"start":{"line":7,"column":38},"end":{"line":7,"column":50}},"6":{"start":{"line":8,"column":30},"end":{"line":8,"column":45}},"7":{"start":{"line":9,"column":32},"end":{"line":9,"column":60}},"8":{"start":{"line":10,"column":19},"end":{"line":10,"column":32}},"9":{"start":{"line":11,"column":21},"end":{"line":11,"column":49}},"10":{"start":{"line":14,"column":2},"end":{"line":23,"column":9}},"11":{"start":{"line":15,"column":31},"end":{"line":19,"column":5}},"12":{"start":{"line":16,"column":6},"end":{"line":18,"column":7}},"13":{"start":{"line":17,"column":8},"end":{"line":17,"column":25}},"14":{"start":{"line":21,"column":4},"end":{"line":21,"column":63}},"15":{"start":{"line":22,"column":4},"end":{"line":22,"column":79}},"16":{"start":{"line":22,"column":17},"end":{"line":22,"column":78}},"17":{"start":{"line":25,"column":23},"end":{"line":28,"column":3}},"18":{"start":{"line":26,"column":4},"end":{"line":26,"column":34}},"19":{"start":{"line":27,"column":4},"end":{"line":27,"column":20}},"20":{"start":{"line":30,"column":29},"end":{"line":34,"column":3}},"21":{"start":{"line":31,"column":4},"end":{"line":31,"column":21}},"22":{"start":{"line":32,"column":4},"end":{"line":32,"column":22}},"23":{"start":{"line":33,"column":4},"end":{"line":33,"column":38}},"24":{"start":{"line":36,"column":2},"end":{"line":85,"column":4}},"25":{"start":{"line":60,"column":16},"end":{"line":61,"column":null}},"26":{"start":{"line":63,"column":33},"end":{"line":63,"column":63}},"27":{"start":{"line":6,"column":13},"end":{"line":6,"column":25}}},"fnMap":{"0":{"name":"(anonymous_9)","decl":{"start":{"line":6,"column":25},"end":{"line":6,"column":28}},"loc":{"start":{"line":6,"column":30},"end":{"line":86,"column":1}}},"1":{"name":"(anonymous_10)","decl":{"start":{"line":14,"column":12},"end":{"line":14,"column":15}},"loc":{"start":{"line":14,"column":17},"end":{"line":23,"column":3}}},"2":{"name":"(anonymous_11)","decl":{"start":{"line":15,"column":31},"end":{"line":15,"column":32}},"loc":{"start":{"line":15,"column":53},"end":{"line":19,"column":5}}},"3":{"name":"(anonymous_12)","decl":{"start":{"line":22,"column":11},"end":{"line":22,"column":14}},"loc":{"start":{"line":22,"column":17},"end":{"line":22,"column":78}}},"4":{"name":"(anonymous_13)","decl":{"start":{"line":25,"column":23},"end":{"line":25,"column":24}},"loc":{"start":{"line":25,"column":66},"end":{"line":28,"column":3}}},"5":{"name":"(anonymous_14)","decl":{"start":{"line":30,"column":29},"end":{"line":30,"column":30}},"loc":{"start":{"line":30,"column":51},"end":{"line":34,"column":3}}},"6":{"name":"(anonymous_15)","decl":{"start":{"line":59,"column":28},"end":{"line":59,"column":29}},"loc":{"start":{"line":60,"column":16},"end":{"line":61,"column":null}}},"7":{"name":"(anonymous_16)","decl":{"start":{"line":63,"column":27},"end":{"line":63,"column":30}},"loc":{"start":{"line":63,"column":33},"end":{"line":63,"column":63}}}},"branchMap":{"0":{"loc":{"start":{"line":16,"column":6},"end":{"line":18,"column":7}},"type":"if","locations":[{"start":{"line":16,"column":6},"end":{"line":18,"column":7}}]},"1":{"loc":{"start":{"line":16,"column":10},"end":{"line":16,"column":82}},"type":"binary-expr","locations":[{"start":{"line":16,"column":10},"end":{"line":16,"column":28}},{"start":{"line":16,"column":32},"end":{"line":16,"column":82}}]},"2":{"loc":{"start":{"line":51,"column":7},"end":{"line":82,"column":null}},"type":"binary-expr","locations":[{"start":{"line":51,"column":7},"end":{"line":51,"column":13}},{"start":{"line":51,"column":17},"end":{"line":51,"column":39}},{"start":{"line":52,"column":8},"end":{"line":81,"column":null}}]},"3":{"loc":{"start":{"line":53,"column":11},"end":{"line":80,"column":null}},"type":"cond-expr","locations":[{"start":{"line":54,"column":12},"end":{"line":55,"column":null}},{"start":{"line":57,"column":14},"end":{"line":80,"column":null}}]},"4":{"loc":{"start":{"line":57,"column":14},"end":{"line":80,"column":null}},"type":"cond-expr","locations":[{"start":{"line":58,"column":12},"end":{"line":75,"column":null}},{"start":{"line":78,"column":12},"end":{"line":78,"column":null}}]}},"s":{"0":3,"1":3,"2":3,"3":3,"4":3,"5":28,"6":28,"7":28,"8":28,"9":28,"10":28,"11":21,"12":1,"13":1,"14":21,"15":21,"16":21,"17":28,"18":5,"19":5,"20":28,"21":1,"22":1,"23":1,"24":28,"25":2,"26":1,"27":3},"f":{"0":28,"1":21,"2":1,"3":21,"4":5,"5":1,"6":2,"7":1},"b":{"0":[1],"1":[1,1],"2":[28,5,5],"3":[1,4],"4":[2,2]}}
,"/home/vpadilla/vinnare-front/src/components/molecules/SectionHeader.tsx": {"path":"/home/vpadilla/vinnare-front/src/components/molecules/SectionHeader.tsx","statementMap":{"0":{"start":{"line":1,"column":0},"end":{"line":1,"column":26}},"1":{"start":{"line":10,"column":52},"end":{"line":29,"column":null}},"2":{"start":{"line":16,"column":2},"end":{"line":28,"column":null}},"3":{"start":{"line":32,"column":0},"end":{"line":32,"column":29}}},"fnMap":{"0":{"name":"(anonymous_1)","decl":{"start":{"line":10,"column":52},"end":{"line":10,"column":53}},"loc":{"start":{"line":16,"column":2},"end":{"line":28,"column":null}}}},"branchMap":{"0":{"loc":{"start":{"line":18,"column":5},"end":{"line":19,"column":null}},"type":"binary-expr","locations":[{"start":{"line":18,"column":5},"end":{"line":18,"column":16}},{"start":{"line":19,"column":6},"end":{"line":19,"column":61}}]},"1":{"loc":{"start":{"line":21,"column":5},"end":{"line":27,"column":null}},"type":"binary-expr","locations":[{"start":{"line":21,"column":5},"end":{"line":21,"column":15}},{"start":{"line":22,"column":6},"end":{"line":26,"column":null}}]}},"s":{"0":1,"1":1,"2":7,"3":1},"f":{"0":7},"b":{"0":[7,2],"1":[7,3]}}
,"/home/vpadilla/vinnare-front/src/components/organisms/CategoryCard.tsx": {"path":"/home/vpadilla/vinnare-front/src/components/organisms/CategoryCard.tsx","statementMap":{"0":{"start":{"line":1,"column":0},"end":{"line":1,"column":26}},"1":{"start":{"line":9,"column":50},"end":{"line":15,"column":null}},"2":{"start":{"line":10,"column":2},"end":{"line":14,"column":null}},"3":{"start":{"line":18,"column":0},"end":{"line":18,"column":28}}},"fnMap":{"0":{"name":"(anonymous_1)","decl":{"start":{"line":9,"column":50},"end":{"line":9,"column":51}},"loc":{"start":{"line":10,"column":2},"end":{"line":14,"column":null}}}},"branchMap":{},"s":{"0":2,"1":2,"2":27,"3":2},"f":{"0":27},"b":{}}
,"/home/vpadilla/vinnare-front/src/components/organisms/Footer.tsx": {"path":"/home/vpadilla/vinnare-front/src/components/organisms/Footer.tsx","statementMap":{"0":{"start":{"line":1,"column":0},"end":{"line":1,"column":47}},"1":{"start":{"line":2,"column":0},"end":{"line":2,"column":69}},"2":{"start":{"line":3,"column":0},"end":{"line":3,"column":26}},"3":{"start":{"line":6,"column":15},"end":{"line":90,"column":1}},"4":{"start":{"line":7,"column":19},"end":{"line":7,"column":32}},"5":{"start":{"line":9,"column":23},"end":{"line":12,"column":3}},"6":{"start":{"line":10,"column":4},"end":{"line":10,"column":23}},"7":{"start":{"line":11,"column":4},"end":{"line":11,"column":24}},"8":{"start":{"line":14,"column":22},"end":{"line":33,"column":4}},"9":{"start":{"line":35,"column":2},"end":{"line":89,"column":4}},"10":{"start":{"line":68,"column":14},"end":{"line":68,"column":37}},"11":{"start":{"line":92,"column":0},"end":{"line":92,"column":22}}},"fnMap":{"0":{"name":"(anonymous_1)","decl":{"start":{"line":6,"column":15},"end":{"line":6,"column":18}},"loc":{"start":{"line":6,"column":20},"end":{"line":90,"column":1}}},"1":{"name":"(anonymous_2)","decl":{"start":{"line":9,"column":23},"end":{"line":9,"column":24}},"loc":{"start":{"line":9,"column":46},"end":{"line":12,"column":3}}},"2":{"name":"(anonymous_3)","decl":{"start":{"line":67,"column":29},"end":{"line":67,"column":30}},"loc":{"start":{"line":68,"column":14},"end":{"line":68,"column":37}}}},"branchMap":{},"s":{"0":1,"1":1,"2":1,"3":1,"4":5,"5":5,"6":1,"7":1,"8":5,"9":5,"10":15,"11":1},"f":{"0":5,"1":1,"2":15},"b":{}}
,"/home/vpadilla/vinnare-front/src/components/organisms/HamburgerMenu.tsx": {"path":"/home/vpadilla/vinnare-front/src/components/organisms/HamburgerMenu.tsx","statementMap":{"0":{"start":{"line":1,"column":0},"end":{"line":1,"column":33}},"1":{"start":{"line":2,"column":0},"end":{"line":2,"column":74}},"2":{"start":{"line":3,"column":0},"end":{"line":3,"column":47}},"3":{"start":{"line":4,"column":0},"end":{"line":4,"column":52}},"4":{"start":{"line":5,"column":0},"end":{"line":5,"column":26}},"5":{"start":{"line":6,"column":0},"end":{"line":6,"column":51}},"6":{"start":{"line":8,"column":22},"end":{"line":115,"column":1}},"7":{"start":{"line":17,"column":26},"end":{"line":17,"column":41}},"8":{"start":{"line":18,"column":19},"end":{"line":18,"column":32}},"9":{"start":{"line":19,"column":21},"end":{"line":19,"column":30}},"10":{"start":{"line":21,"column":23},"end":{"line":29,"column":3}},"11":{"start":{"line":22,"column":4},"end":{"line":22,"column":13}},"12":{"start":{"line":23,"column":4},"end":{"line":23,"column":19}},"13":{"start":{"line":24,"column":4},"end":{"line":24,"column":18}},"14":{"start":{"line":25,"column":4},"end":{"line":25,"column":37}},"15":{"start":{"line":26,"column":4},"end":{"line":26,"column":40}},"16":{"start":{"line":27,"column":4},"end":{"line":27,"column":40}},"17":{"start":{"line":28,"column":4},"end":{"line":28,"column":41}},"18":{"start":{"line":31,"column":25},"end":{"line":34,"column":3}},"19":{"start":{"line":32,"column":4},"end":{"line":32,"column":19}},"20":{"start":{"line":33,"column":4},"end":{"line":33,"column":19}},"21":{"start":{"line":36,"column":2},"end":{"line":114,"column":4}},"22":{"start":{"line":39,"column":23},"end":{"line":39,"column":37}},"23":{"start":{"line":50,"column":29},"end":{"line":50,"column":43}},"24":{"start":{"line":66,"column":20},"end":{"line":66,"column":35}},"25":{"start":{"line":67,"column":20},"end":{"line":67,"column":38}},"26":{"start":{"line":78,"column":31},"end":{"line":78,"column":59}},"27":{"start":{"line":85,"column":31},"end":{"line":85,"column":58}},"28":{"start":{"line":102,"column":20},"end":{"line":102,"column":35}},"29":{"start":{"line":103,"column":20},"end":{"line":103,"column":39}},"30":{"start":{"line":117,"column":0},"end":{"line":117,"column":29}}},"fnMap":{"0":{"name":"(anonymous_1)","decl":{"start":{"line":8,"column":22},"end":{"line":8,"column":23}},"loc":{"start":{"line":16,"column":5},"end":{"line":115,"column":1}}},"1":{"name":"(anonymous_2)","decl":{"start":{"line":21,"column":23},"end":{"line":21,"column":26}},"loc":{"start":{"line":21,"column":28},"end":{"line":29,"column":3}}},"2":{"name":"(anonymous_3)","decl":{"start":{"line":31,"column":25},"end":{"line":31,"column":26}},"loc":{"start":{"line":31,"column":42},"end":{"line":34,"column":3}}},"3":{"name":"(anonymous_4)","decl":{"start":{"line":39,"column":17},"end":{"line":39,"column":20}},"loc":{"start":{"line":39,"column":23},"end":{"line":39,"column":37}}},"4":{"name":"(anonymous_5)","decl":{"start":{"line":50,"column":23},"end":{"line":50,"column":26}},"loc":{"start":{"line":50,"column":29},"end":{"line":50,"column":43}}},"5":{"name":"(anonymous_6)","decl":{"start":{"line":65,"column":27},"end":{"line":65,"column":30}},"loc":{"start":{"line":65,"column":32},"end":{"line":68,"column":19}}},"6":{"name":"(anonymous_7)","decl":{"start":{"line":78,"column":25},"end":{"line":78,"column":28}},"loc":{"start":{"line":78,"column":31},"end":{"line":78,"column":59}}},"7":{"name":"(anonymous_8)","decl":{"start":{"line":85,"column":25},"end":{"line":85,"column":28}},"loc":{"start":{"line":85,"column":31},"end":{"line":85,"column":58}}},"8":{"name":"(anonymous_9)","decl":{"start":{"line":101,"column":27},"end":{"line":101,"column":30}},"loc":{"start":{"line":101,"column":32},"end":{"line":104,"column":19}}}},"branchMap":{"0":{"loc":{"start":{"line":46,"column":7},"end":{"line":111,"column":null}},"type":"binary-expr","locations":[{"start":{"line":46,"column":7},"end":{"line":46,"column":11}},{"start":{"line":47,"column":8},"end":{"line":110,"column":null}}]},"1":{"loc":{"start":{"line":62,"column":15},"end":{"line":73,"column":null}},"type":"binary-expr","locations":[{"start":{"line":62,"column":15},"end":{"line":62,"column":25}},{"start":{"line":63,"column":16},"end":{"line":72,"column":null}}]},"2":{"loc":{"start":{"line":89,"column":15},"end":{"line":107,"column":null}},"type":"cond-expr","locations":[{"start":{"line":90,"column":16},"end":{"line":93,"column":null}},{"start":{"line":98,"column":16},"end":{"line":104,"column":null}}]}},"s":{"0":2,"1":2,"2":2,"3":2,"4":2,"5":2,"6":2,"7":29,"8":29,"9":29,"10":29,"11":1,"12":1,"13":1,"14":1,"15":1,"16":1,"17":1,"18":29,"19":2,"20":2,"21":29,"22":8,"23":1,"24":1,"25":1,"26":1,"27":1,"28":1,"29":1,"30":2},"f":{"0":29,"1":1,"2":2,"3":8,"4":1,"5":1,"6":1,"7":1,"8":1},"b":{"0":[29,8],"1":[8,3],"2":[3,5]}}
,"/home/vpadilla/vinnare-front/src/components/organisms/Header.tsx": {"path":"/home/vpadilla/vinnare-front/src/components/organisms/Header.tsx","statementMap":{"0":{"start":{"line":1,"column":0},"end":{"line":1,"column":47}},"1":{"start":{"line":2,"column":0},"end":{"line":2,"column":44}},"2":{"start":{"line":3,"column":0},"end":{"line":3,"column":52}},"3":{"start":{"line":4,"column":0},"end":{"line":4,"column":53}},"4":{"start":{"line":5,"column":0},"end":{"line":5,"column":51}},"5":{"start":{"line":6,"column":0},"end":{"line":6,"column":46}},"6":{"start":{"line":7,"column":0},"end":{"line":7,"column":26}},"7":{"start":{"line":10,"column":15},"end":{"line":75,"column":1}},"8":{"start":{"line":11,"column":43},"end":{"line":11,"column":52}},"9":{"start":{"line":12,"column":39},"end":{"line":12,"column":48}},"10":{"start":{"line":13,"column":19},"end":{"line":13,"column":32}},"11":{"start":{"line":14,"column":23},"end":{"line":19,"column":3}},"12":{"start":{"line":15,"column":4},"end":{"line":15,"column":13}},"13":{"start":{"line":16,"column":4},"end":{"line":16,"column":18}},"14":{"start":{"line":17,"column":4},"end":{"line":17,"column":25}},"15":{"start":{"line":21,"column":2},"end":{"line":74,"column":4}},"16":{"start":{"line":33,"column":25},"end":{"line":33,"column":38}},"17":{"start":{"line":49,"column":79},"end":{"line":49,"column":96}},"18":{"start":{"line":63,"column":29},"end":{"line":63,"column":47}},"19":{"start":{"line":77,"column":0},"end":{"line":77,"column":22}}},"fnMap":{"0":{"name":"(anonymous_1)","decl":{"start":{"line":10,"column":15},"end":{"line":10,"column":18}},"loc":{"start":{"line":10,"column":20},"end":{"line":75,"column":1}}},"1":{"name":"(anonymous_2)","decl":{"start":{"line":14,"column":23},"end":{"line":14,"column":26}},"loc":{"start":{"line":14,"column":28},"end":{"line":19,"column":3}}},"2":{"name":"(anonymous_3)","decl":{"start":{"line":33,"column":19},"end":{"line":33,"column":22}},"loc":{"start":{"line":33,"column":25},"end":{"line":33,"column":38}}},"3":{"name":"(anonymous_4)","decl":{"start":{"line":49,"column":73},"end":{"line":49,"column":76}},"loc":{"start":{"line":49,"column":79},"end":{"line":49,"column":96}}},"4":{"name":"(anonymous_5)","decl":{"start":{"line":63,"column":23},"end":{"line":63,"column":26}},"loc":{"start":{"line":63,"column":29},"end":{"line":63,"column":47}}}},"branchMap":{"0":{"loc":{"start":{"line":47,"column":11},"end":{"line":67,"column":null}},"type":"cond-expr","locations":[{"start":{"line":48,"column":12},"end":{"line":59,"column":null}},{"start":{"line":62,"column":12},"end":{"line":64,"column":null}}]},"1":{"loc":{"start":{"line":51,"column":43},"end":{"line":51,"column":81}},"type":"cond-expr","locations":[{"start":{"line":51,"column":56},"end":{"line":51,"column":68}},{"start":{"line":51,"column":71},"end":{"line":51,"column":81}}]}},"s":{"0":1,"1":1,"2":1,"3":1,"4":1,"5":1,"6":1,"7":1,"8":7,"9":7,"10":7,"11":7,"12":1,"13":1,"14":1,"15":7,"16":1,"17":1,"18":1,"19":1},"f":{"0":7,"1":1,"2":1,"3":1,"4":1},"b":{"0":[4,3],"1":[4,0]}}
,"/home/vpadilla/vinnare-front/src/components/organisms/ImageSlider.tsx": {"path":"/home/vpadilla/vinnare-front/src/components/organisms/ImageSlider.tsx","statementMap":{"0":{"start":{"line":1,"column":0},"end":{"line":1,"column":40}},"1":{"start":{"line":2,"column":0},"end":{"line":2,"column":63}},"2":{"start":{"line":10,"column":48},"end":{"line":59,"column":1}},"3":{"start":{"line":11,"column":32},"end":{"line":11,"column":43}},"4":{"start":{"line":13,"column":20},"end":{"line":15,"column":3}},"5":{"start":{"line":14,"column":4},"end":{"line":14,"column":70}},"6":{"start":{"line":14,"column":26},"end":{"line":14,"column":67}},"7":{"start":{"line":17,"column":20},"end":{"line":19,"column":3}},"8":{"start":{"line":18,"column":4},"end":{"line":18,"column":70}},"9":{"start":{"line":18,"column":26},"end":{"line":18,"column":67}},"10":{"start":{"line":21,"column":2},"end":{"line":58,"column":4}},"11":{"start":{"line":50,"column":10},"end":{"line":51,"column":null}},"12":{"start":{"line":61,"column":0},"end":{"line":61,"column":27}}},"fnMap":{"0":{"name":"(anonymous_9)","decl":{"start":{"line":10,"column":48},"end":{"line":10,"column":49}},"loc":{"start":{"line":10,"column":74},"end":{"line":59,"column":1}}},"1":{"name":"(anonymous_10)","decl":{"start":{"line":13,"column":20},"end":{"line":13,"column":23}},"loc":{"start":{"line":13,"column":25},"end":{"line":15,"column":3}}},"2":{"name":"(anonymous_11)","decl":{"start":{"line":14,"column":15},"end":{"line":14,"column":16}},"loc":{"start":{"line":14,"column":26},"end":{"line":14,"column":67}}},"3":{"name":"(anonymous_12)","decl":{"start":{"line":17,"column":20},"end":{"line":17,"column":23}},"loc":{"start":{"line":17,"column":25},"end":{"line":19,"column":3}}},"4":{"name":"(anonymous_13)","decl":{"start":{"line":18,"column":15},"end":{"line":18,"column":16}},"loc":{"start":{"line":18,"column":26},"end":{"line":18,"column":67}}},"5":{"name":"(anonymous_14)","decl":{"start":{"line":49,"column":20},"end":{"line":49,"column":21}},"loc":{"start":{"line":50,"column":10},"end":{"line":51,"column":null}}}},"branchMap":{"0":{"loc":{"start":{"line":14,"column":26},"end":{"line":14,"column":67}},"type":"cond-expr","locations":[{"start":{"line":14,"column":39},"end":{"line":14,"column":56}},{"start":{"line":14,"column":59},"end":{"line":14,"column":67}}]},"1":{"loc":{"start":{"line":18,"column":26},"end":{"line":18,"column":67}},"type":"cond-expr","locations":[{"start":{"line":18,"column":55},"end":{"line":18,"column":56}},{"start":{"line":18,"column":59},"end":{"line":18,"column":67}}]},"2":{"loc":{"start":{"line":53,"column":47},"end":{"line":53,"column":91}},"type":"cond-expr","locations":[{"start":{"line":53,"column":65},"end":{"line":53,"column":75}},{"start":{"line":53,"column":78},"end":{"line":53,"column":91}}]}},"s":{"0":1,"1":1,"2":1,"3":13,"4":13,"5":2,"6":2,"7":13,"8":4,"9":4,"10":13,"11":39,"12":1},"f":{"0":13,"1":2,"2":2,"3":4,"4":4,"5":39},"b":{"0":[2,0],"1":[1,3],"2":[13,26]}}
,"/home/vpadilla/vinnare-front/src/components/organisms/ProductCard.tsx": {"path":"/home/vpadilla/vinnare-front/src/components/organisms/ProductCard.tsx","statementMap":{"0":{"start":{"line":1,"column":0},"end":{"line":1,"column":26}},"1":{"start":{"line":9,"column":48},"end":{"line":16,"column":null}},"2":{"start":{"line":10,"column":2},"end":{"line":15,"column":null}},"3":{"start":{"line":19,"column":0},"end":{"line":19,"column":27}}},"fnMap":{"0":{"name":"(anonymous_1)","decl":{"start":{"line":9,"column":48},"end":{"line":9,"column":49}},"loc":{"start":{"line":10,"column":2},"end":{"line":15,"column":null}}}},"branchMap":{},"s":{"0":2,"1":2,"2":33,"3":2},"f":{"0":33},"b":{}}
,"/home/vpadilla/vinnare-front/src/components/organisms/StaggeredImageGrid.tsx": {"path":"/home/vpadilla/vinnare-front/src/components/organisms/StaggeredImageGrid.tsx","statementMap":{"0":{"start":{"line":1,"column":0},"end":{"line":1,"column":26}},"1":{"start":{"line":8,"column":62},"end":{"line":22,"column":null}},"2":{"start":{"line":9,"column":2},"end":{"line":21,"column":null}},"3":{"start":{"line":25,"column":0},"end":{"line":25,"column":34}}},"fnMap":{"0":{"name":"(anonymous_1)","decl":{"start":{"line":8,"column":62},"end":{"line":8,"column":63}},"loc":{"start":{"line":9,"column":2},"end":{"line":21,"column":null}}}},"branchMap":{"0":{"loc":{"start":{"line":8,"column":73},"end":{"line":8,"column":86}},"type":"default-arg","locations":[{"start":{"line":8,"column":84},"end":{"line":8,"column":86}}]},"1":{"loc":{"start":{"line":12,"column":32},"end":{"line":12,"column":53}},"type":"binary-expr","locations":[{"start":{"line":12,"column":32},"end":{"line":12,"column":43}},{"start":{"line":12,"column":47},"end":{"line":12,"column":53}}]},"2":{"loc":{"start":{"line":16,"column":32},"end":{"line":16,"column":55}},"type":"binary-expr","locations":[{"start":{"line":16,"column":32},"end":{"line":16,"column":43}},{"start":{"line":16,"column":47},"end":{"line":16,"column":55}}]},"3":{"loc":{"start":{"line":20,"column":32},"end":{"line":20,"column":54}},"type":"binary-expr","locations":[{"start":{"line":20,"column":32},"end":{"line":20,"column":43}},{"start":{"line":20,"column":47},"end":{"line":20,"column":54}}]}},"s":{"0":1,"1":1,"2":4,"3":1},"f":{"0":4},"b":{"0":[3],"1":[4,3],"2":[4,3],"3":[4,3]}}
,"/home/vpadilla/vinnare-front/src/context/AuthContext.tsx": {"path":"/home/vpadilla/vinnare-front/src/context/AuthContext.tsx","statementMap":{"0":{"start":{"line":2,"column":0},"end":{"line":2,"column":89}},"1":{"start":{"line":11,"column":20},"end":{"line":11,"column":73}},"2":{"start":{"line":13,"column":28},"end":{"line":46,"column":1}},"3":{"start":{"line":14,"column":38},"end":{"line":14,"column":53}},"4":{"start":{"line":15,"column":34},"end":{"line":15,"column":46}},"5":{"start":{"line":17,"column":2},"end":{"line":23,"column":9}},"6":{"start":{"line":18,"column":23},"end":{"line":18,"column":55}},"7":{"start":{"line":19,"column":4},"end":{"line":22,"column":5}},"8":{"start":{"line":20,"column":6},"end":{"line":20,"column":26}},"9":{"start":{"line":21,"column":6},"end":{"line":21,"column":30}},"10":{"start":{"line":25,"column":16},"end":{"line":29,"column":3}},"11":{"start":{"line":26,"column":4},"end":{"line":26,"column":24}},"12":{"start":{"line":27,"column":4},"end":{"line":27,"column":22}},"13":{"start":{"line":28,"column":4},"end":{"line":28,"column":43}},"14":{"start":{"line":31,"column":17},"end":{"line":39,"column":3}},"15":{"start":{"line":32,"column":4},"end":{"line":32,"column":25}},"16":{"start":{"line":33,"column":4},"end":{"line":33,"column":20}},"17":{"start":{"line":34,"column":4},"end":{"line":34,"column":40}},"18":{"start":{"line":35,"column":4},"end":{"line":35,"column":37}},"19":{"start":{"line":36,"column":4},"end":{"line":36,"column":41}},"20":{"start":{"line":37,"column":4},"end":{"line":37,"column":40}},"21":{"start":{"line":38,"column":4},"end":{"line":38,"column":38}},"22":{"start":{"line":41,"column":2},"end":{"line":45,"column":4}},"23":{"start":{"line":13,"column":13},"end":{"line":13,"column":28}},"24":{"start":{"line":48,"column":23},"end":{"line":52,"column":1}},"25":{"start":{"line":49,"column":18},"end":{"line":49,"column":41}},"26":{"start":{"line":50,"column":2},"end":{"line":50,"column":76}},"27":{"start":{"line":50,"column":16},"end":{"line":50,"column":76}},"28":{"start":{"line":51,"column":2},"end":{"line":51,"column":17}},"29":{"start":{"line":48,"column":13},"end":{"line":48,"column":23}}},"fnMap":{"0":{"name":"(anonymous_9)","decl":{"start":{"line":13,"column":28},"end":{"line":13,"column":29}},"loc":{"start":{"line":13,"column":70},"end":{"line":46,"column":1}}},"1":{"name":"(anonymous_10)","decl":{"start":{"line":17,"column":12},"end":{"line":17,"column":15}},"loc":{"start":{"line":17,"column":17},"end":{"line":23,"column":3}}},"2":{"name":"(anonymous_11)","decl":{"start":{"line":25,"column":16},"end":{"line":25,"column":17}},"loc":{"start":{"line":25,"column":33},"end":{"line":29,"column":3}}},"3":{"name":"(anonymous_12)","decl":{"start":{"line":31,"column":17},"end":{"line":31,"column":20}},"loc":{"start":{"line":31,"column":22},"end":{"line":39,"column":3}}},"4":{"name":"(anonymous_13)","decl":{"start":{"line":48,"column":23},"end":{"line":48,"column":26}},"loc":{"start":{"line":48,"column":28},"end":{"line":52,"column":1}}}},"branchMap":{"0":{"loc":{"start":{"line":19,"column":4},"end":{"line":22,"column":5}},"type":"if","locations":[{"start":{"line":19,"column":4},"end":{"line":22,"column":5}}]},"1":{"loc":{"start":{"line":50,"column":2},"end":{"line":50,"column":76}},"type":"if","locations":[{"start":{"line":50,"column":2},"end":{"line":50,"column":76}}]}},"s":{"0":2,"1":2,"2":2,"3":9,"4":9,"5":9,"6":4,"7":4,"8":3,"9":3,"10":9,"11":1,"12":1,"13":1,"14":9,"15":1,"16":1,"17":1,"18":1,"19":1,"20":1,"21":1,"22":9,"23":2,"24":2,"25":12,"26":11,"27":2,"28":9,"29":2},"f":{"0":9,"1":4,"2":1,"3":1,"4":12},"b":{"0":[3],"1":[2]}}
,"/home/vpadilla/vinnare-front/src/context/purchaseContext.tsx": {"path":"/home/vpadilla/vinnare-front/src/context/purchaseContext.tsx","statementMap":{"0":{"start":{"line":1,"column":0},"end":{"line":1,"column":78}},"1":{"start":{"line":5,"column":24},"end":{"line":5,"column":81}},"2":{"start":{"line":7,"column":32},"end":{"line":14,"column":1}},"3":{"start":{"line":8,"column":26},"end":{"line":8,"column":56}},"4":{"start":{"line":9,"column":2},"end":{"line":13,"column":4}},"5":{"start":{"line":7,"column":13},"end":{"line":7,"column":32}},"6":{"start":{"line":16,"column":27},"end":{"line":20,"column":1}},"7":{"start":{"line":17,"column":18},"end":{"line":17,"column":45}},"8":{"start":{"line":18,"column":2},"end":{"line":18,"column":86}},"9":{"start":{"line":18,"column":16},"end":{"line":18,"column":86}},"10":{"start":{"line":19,"column":2},"end":{"line":19,"column":17}},"11":{"start":{"line":16,"column":13},"end":{"line":16,"column":27}}},"fnMap":{"0":{"name":"(anonymous_9)","decl":{"start":{"line":7,"column":32},"end":{"line":7,"column":33}},"loc":{"start":{"line":7,"column":74},"end":{"line":14,"column":1}}},"1":{"name":"(anonymous_10)","decl":{"start":{"line":16,"column":27},"end":{"line":16,"column":30}},"loc":{"start":{"line":16,"column":32},"end":{"line":20,"column":1}}}},"branchMap":{"0":{"loc":{"start":{"line":18,"column":2},"end":{"line":18,"column":86}},"type":"if","locations":[{"start":{"line":18,"column":2},"end":{"line":18,"column":86}}]}},"s":{"0":1,"1":1,"2":1,"3":0,"4":0,"5":1,"6":1,"7":0,"8":0,"9":0,"10":0,"11":1},"f":{"0":0,"1":0},"b":{"0":[0]}}
,"/home/vpadilla/vinnare-front/src/features/auth/components/LoginForm.tsx": {"path":"/home/vpadilla/vinnare-front/src/features/auth/components/LoginForm.tsx","statementMap":{"0":{"start":{"line":1,"column":0},"end":{"line":1,"column":26}},"1":{"start":{"line":2,"column":0},"end":{"line":2,"column":42}},"2":{"start":{"line":3,"column":0},"end":{"line":3,"column":24}},"3":{"start":{"line":4,"column":0},"end":{"line":4,"column":54}},"4":{"start":{"line":5,"column":0},"end":{"line":5,"column":62}},"5":{"start":{"line":6,"column":0},"end":{"line":6,"column":72}},"6":{"start":{"line":7,"column":0},"end":{"line":7,"column":68}},"7":{"start":{"line":8,"column":0},"end":{"line":8,"column":61}},"8":{"start":{"line":9,"column":0},"end":{"line":9,"column":54}},"9":{"start":{"line":10,"column":0},"end":{"line":10,"column":47}},"10":{"start":{"line":11,"column":0},"end":{"line":11,"column":40}},"11":{"start":{"line":12,"column":0},"end":{"line":12,"column":72}},"12":{"start":{"line":13,"column":0},"end":{"line":13,"column":55}},"13":{"start":{"line":16,"column":20},"end":{"line":20,"column":2}},"14":{"start":{"line":24,"column":18},"end":{"line":123,"column":1}},"15":{"start":{"line":29,"column":6},"end":{"line":31,"column":4}},"16":{"start":{"line":33,"column":19},"end":{"line":33,"column":32}},"17":{"start":{"line":34,"column":34},"end":{"line":34,"column":43}},"18":{"start":{"line":36,"column":19},"end":{"line":74,"column":3}},"19":{"start":{"line":37,"column":4},"end":{"line":73,"column":5}},"20":{"start":{"line":38,"column":23},"end":{"line":40,"column":8}},"21":{"start":{"line":41,"column":57},"end":{"line":41,"column":65}},"22":{"start":{"line":42,"column":19},"end":{"line":42,"column":42}},"23":{"start":{"line":46,"column":6},"end":{"line":46,"column":66}},"24":{"start":{"line":47,"column":6},"end":{"line":47,"column":49}},"25":{"start":{"line":48,"column":6},"end":{"line":48,"column":47}},"26":{"start":{"line":49,"column":6},"end":{"line":51,"column":7}},"27":{"start":{"line":50,"column":8},"end":{"line":50,"column":47}},"28":{"start":{"line":52,"column":6},"end":{"line":52,"column":61}},"29":{"start":{"line":54,"column":6},"end":{"line":54,"column":29}},"30":{"start":{"line":56,"column":6},"end":{"line":67,"column":7}},"31":{"start":{"line":57,"column":8},"end":{"line":57,"column":36}},"32":{"start":{"line":58,"column":13},"end":{"line":67,"column":7}},"33":{"start":{"line":59,"column":8},"end":{"line":59,"column":31}},"34":{"start":{"line":60,"column":13},"end":{"line":67,"column":7}},"35":{"start":{"line":61,"column":8},"end":{"line":66,"column":9}},"36":{"start":{"line":62,"column":10},"end":{"line":62,"column":75}},"37":{"start":{"line":63,"column":10},"end":{"line":63,"column":null}},"38":{"start":{"line":65,"column":10},"end":{"line":65,"column":38}},"39":{"start":{"line":69,"column":6},"end":{"line":69,"column":75}},"40":{"start":{"line":70,"column":6},"end":{"line":72,"column":7}},"41":{"start":{"line":71,"column":8},"end":{"line":71,"column":65}},"42":{"start":{"line":76,"column":2},"end":{"line":122,"column":4}},"43":{"start":{"line":103,"column":27},"end":{"line":103,"column":55}},"44":{"start":{"line":125,"column":0},"end":{"line":125,"column":25}}},"fnMap":{"0":{"name":"(anonymous_1)","decl":{"start":{"line":24,"column":18},"end":{"line":24,"column":21}},"loc":{"start":{"line":24,"column":23},"end":{"line":123,"column":1}}},"1":{"name":"(anonymous_2)","decl":{"start":{"line":36,"column":19},"end":{"line":36,"column":24}},"loc":{"start":{"line":36,"column":49},"end":{"line":74,"column":3}}},"2":{"name":"(anonymous_3)","decl":{"start":{"line":103,"column":21},"end":{"line":103,"column":24}},"loc":{"start":{"line":103,"column":27},"end":{"line":103,"column":55}}}},"branchMap":{"0":{"loc":{"start":{"line":49,"column":6},"end":{"line":51,"column":7}},"type":"if","locations":[{"start":{"line":49,"column":6},"end":{"line":51,"column":7}}]},"1":{"loc":{"start":{"line":56,"column":6},"end":{"line":67,"column":7}},"type":"if","locations":[{"start":{"line":56,"column":6},"end":{"line":67,"column":7}},{"start":{"line":58,"column":13},"end":{"line":67,"column":7}}]},"2":{"loc":{"start":{"line":58,"column":13},"end":{"line":67,"column":7}},"type":"if","locations":[{"start":{"line":58,"column":13},"end":{"line":67,"column":7}},{"start":{"line":60,"column":13},"end":{"line":67,"column":7}}]},"3":{"loc":{"start":{"line":60,"column":13},"end":{"line":67,"column":7}},"type":"if","locations":[{"start":{"line":60,"column":13},"end":{"line":67,"column":7}}]},"4":{"loc":{"start":{"line":61,"column":8},"end":{"line":66,"column":9}},"type":"if","locations":[{"start":{"line":61,"column":8},"end":{"line":66,"column":9}},{"start":{"line":64,"column":14},"end":{"line":66,"column":9}}]},"5":{"loc":{"start":{"line":69,"column":36},"end":{"line":69,"column":73}},"type":"binary-expr","locations":[{"start":{"line":69,"column":36},"end":{"line":69,"column":56}},{"start":{"line":69,"column":60},"end":{"line":69,"column":73}}]},"6":{"loc":{"start":{"line":70,"column":6},"end":{"line":72,"column":7}},"type":"if","locations":[{"start":{"line":70,"column":6},"end":{"line":72,"column":7}}]},"7":{"loc":{"start":{"line":70,"column":10},"end":{"line":70,"column":57}},"type":"binary-expr","locations":[{"start":{"line":70,"column":10},"end":{"line":70,"column":24}},{"start":{"line":70,"column":28},"end":{"line":70,"column":57}}]}},"s":{"0":1,"1":1,"2":1,"3":1,"4":1,"5":1,"6":1,"7":1,"8":1,"9":1,"10":1,"11":1,"12":1,"13":1,"14":1,"15":25,"16":25,"17":25,"18":25,"19":6,"20":6,"21":4,"22":4,"23":4,"24":4,"25":4,"26":4,"27":4,"28":4,"29":4,"30":4,"31":1,"32":3,"33":1,"34":2,"35":2,"36":1,"37":1,"38":1,"39":2,"40":2,"41":1,"42":25,"43":1,"44":1},"f":{"0":25,"1":6,"2":1},"b":{"0":[4],"1":[1,3],"2":[1,2],"3":[2],"4":[1,1],"5":[2,1],"6":[1],"7":[2,1]}}
,"/home/vpadilla/vinnare-front/src/features/auth/components/SignUpForm.tsx": {"path":"/home/vpadilla/vinnare-front/src/features/auth/components/SignUpForm.tsx","statementMap":{"0":{"start":{"line":1,"column":0},"end":{"line":1,"column":26}},"1":{"start":{"line":2,"column":0},"end":{"line":2,"column":42}},"2":{"start":{"line":3,"column":0},"end":{"line":3,"column":24}},"3":{"start":{"line":4,"column":0},"end":{"line":4,"column":54}},"4":{"start":{"line":5,"column":0},"end":{"line":5,"column":62}},"5":{"start":{"line":6,"column":0},"end":{"line":6,"column":72}},"6":{"start":{"line":7,"column":0},"end":{"line":7,"column":64}},"7":{"start":{"line":8,"column":0},"end":{"line":8,"column":54}},"8":{"start":{"line":9,"column":0},"end":{"line":9,"column":61}},"9":{"start":{"line":10,"column":0},"end":{"line":10,"column":53}},"10":{"start":{"line":11,"column":0},"end":{"line":11,"column":77}},"11":{"start":{"line":12,"column":0},"end":{"line":12,"column":44}},"12":{"start":{"line":14,"column":15},"end":{"line":31,"column":4}},"13":{"start":{"line":28,"column":20},"end":{"line":28,"column":58}},"14":{"start":{"line":35,"column":19},"end":{"line":161,"column":1}},"15":{"start":{"line":36,"column":19},"end":{"line":36,"column":32}},"16":{"start":{"line":37,"column":28},"end":{"line":37,"column":57}},"17":{"start":{"line":42,"column":6},"end":{"line":44,"column":4}},"18":{"start":{"line":46,"column":36},"end":{"line":46,"column":84}},"19":{"start":{"line":48,"column":2},"end":{"line":58,"column":9}},"20":{"start":{"line":49,"column":27},"end":{"line":56,"column":5}},"21":{"start":{"line":50,"column":6},"end":{"line":55,"column":7}},"22":{"start":{"line":51,"column":21},"end":{"line":51,"column":49}},"23":{"start":{"line":52,"column":8},"end":{"line":52,"column":27}},"24":{"start":{"line":54,"column":8},"end":{"line":54,"column":44}},"25":{"start":{"line":57,"column":4},"end":{"line":57,"column":21}},"26":{"start":{"line":60,"column":19},"end":{"line":76,"column":3}},"27":{"start":{"line":61,"column":4},"end":{"line":75,"column":5}},"28":{"start":{"line":62,"column":6},"end":{"line":62,"column":21}},"29":{"start":{"line":63,"column":6},"end":{"line":71,"column":9}},"30":{"start":{"line":72,"column":6},"end":{"line":72,"column":25}},"31":{"start":{"line":74,"column":6},"end":{"line":74,"column":81}},"32":{"start":{"line":78,"column":2},"end":{"line":160,"column":4}},"33":{"start":{"line":162,"column":0},"end":{"line":162,"column":26}}},"fnMap":{"0":{"name":"(anonymous_1)","decl":{"start":{"line":28,"column":10},"end":{"line":28,"column":11}},"loc":{"start":{"line":28,"column":20},"end":{"line":28,"column":58}}},"1":{"name":"(anonymous_2)","decl":{"start":{"line":35,"column":19},"end":{"line":35,"column":22}},"loc":{"start":{"line":35,"column":24},"end":{"line":161,"column":1}}},"2":{"name":"(anonymous_3)","decl":{"start":{"line":48,"column":12},"end":{"line":48,"column":15}},"loc":{"start":{"line":48,"column":17},"end":{"line":58,"column":3}}},"3":{"name":"(anonymous_4)","decl":{"start":{"line":49,"column":27},"end":{"line":49,"column":32}},"loc":{"start":{"line":49,"column":38},"end":{"line":56,"column":5}}},"4":{"name":"(anonymous_5)","decl":{"start":{"line":60,"column":19},"end":{"line":60,"column":24}},"loc":{"start":{"line":60,"column":50},"end":{"line":76,"column":3}}}},"branchMap":{"0":{"loc":{"start":{"line":74,"column":15},"end":{"line":74,"column":79}},"type":"binary-expr","locations":[{"start":{"line":74,"column":15},"end":{"line":74,"column":42}},{"start":{"line":74,"column":46},"end":{"line":74,"column":79}}]},"1":{"loc":{"start":{"line":87,"column":9},"end":{"line":88,"column":null}},"type":"binary-expr","locations":[{"start":{"line":87,"column":9},"end":{"line":87,"column":14}},{"start":{"line":88,"column":10},"end":{"line":88,"column":73}}]},"2":{"loc":{"start":{"line":149,"column":11},"end":{"line":149,"column":53}},"type":"cond-expr","locations":[{"start":{"line":149,"column":26},"end":{"line":149,"column":41}},{"start":{"line":149,"column":44},"end":{"line":149,"column":53}}]}},"s":{"0":1,"1":1,"2":1,"3":1,"4":1,"5":1,"6":1,"7":1,"8":1,"9":1,"10":1,"11":1,"12":1,"13":5,"14":1,"15":32,"16":32,"17":32,"18":32,"19":32,"20":8,"21":8,"22":8,"23":7,"24":1,"25":8,"26":32,"27":2,"28":2,"29":2,"30":1,"31":1,"32":32,"33":1},"f":{"0":5,"1":32,"2":8,"3":8,"4":2},"b":{"0":[1,0],"1":[32,2],"2":[5,27]}}
,"/home/vpadilla/vinnare-front/src/hooks/useCart.ts": {"path":"/home/vpadilla/vinnare-front/src/hooks/useCart.ts","statementMap":{"0":{"start":{"line":1,"column":0},"end":{"line":1,"column":66}},"1":{"start":{"line":2,"column":0},"end":{"line":2,"column":null}},"2":{"start":{"line":12,"column":0},"end":{"line":12,"column":57}},"3":{"start":{"line":13,"column":0},"end":{"line":13,"column":57}},"4":{"start":{"line":15,"column":23},"end":{"line":172,"column":1}},"5":{"start":{"line":16,"column":36},"end":{"line":16,"column":56}},"6":{"start":{"line":17,"column":32},"end":{"line":17,"column":46}},"7":{"start":{"line":18,"column":28},"end":{"line":18,"column":57}},"8":{"start":{"line":19,"column":40},"end":{"line":19,"column":62}},"9":{"start":{"line":20,"column":38},"end":{"line":20,"column":50}},"10":{"start":{"line":21,"column":52},"end":{"line":22,"column":null}},"11":{"start":{"line":24,"column":34},"end":{"line":24,"column":45}},"12":{"start":{"line":25,"column":42},"end":{"line":28,"column":4}},"13":{"start":{"line":26,"column":19},"end":{"line":26,"column":57}},"14":{"start":{"line":27,"column":4},"end":{"line":27,"column":39}},"15":{"start":{"line":29,"column":28},"end":{"line":29,"column":41}},"16":{"start":{"line":30,"column":19},"end":{"line":30,"column":32}},"17":{"start":{"line":32,"column":19},"end":{"line":34,"column":null}},"18":{"start":{"line":33,"column":19},"end":{"line":33,"column":51}},"19":{"start":{"line":36,"column":26},"end":{"line":36,"column":64}},"20":{"start":{"line":38,"column":2},"end":{"line":52,"column":9}},"21":{"start":{"line":39,"column":4},"end":{"line":39,"column":16}},"22":{"start":{"line":40,"column":22},"end":{"line":40,"column":63}},"23":{"start":{"line":41,"column":26},"end":{"line":41,"column":65}},"24":{"start":{"line":43,"column":4},"end":{"line":47,"column":5}},"25":{"start":{"line":44,"column":6},"end":{"line":44,"column":38}},"26":{"start":{"line":45,"column":6},"end":{"line":45,"column":31}},"27":{"start":{"line":46,"column":6},"end":{"line":46,"column":41}},"28":{"start":{"line":49,"column":4},"end":{"line":49,"column":19}},"29":{"start":{"line":51,"column":4},"end":{"line":51,"column":27}},"30":{"start":{"line":54,"column":20},"end":{"line":66,"column":3}},"31":{"start":{"line":55,"column":4},"end":{"line":65,"column":5}},"32":{"start":{"line":56,"column":20},"end":{"line":56,"column":35}},"33":{"start":{"line":57,"column":18},"end":{"line":57,"column":45}},"34":{"start":{"line":57,"column":40},"end":{"line":57,"column":44}},"35":{"start":{"line":58,"column":6},"end":{"line":58,"column":26}},"36":{"start":{"line":59,"column":6},"end":{"line":59,"column":26}},"37":{"start":{"line":60,"column":6},"end":{"line":60,"column":25}},"38":{"start":{"line":62,"column":6},"end":{"line":62,"column":73}},"39":{"start":{"line":64,"column":6},"end":{"line":64,"column":24}},"40":{"start":{"line":68,"column":17},"end":{"line":70,"column":3}},"41":{"start":{"line":69,"column":4},"end":{"line":69,"column":43}},"42":{"start":{"line":72,"column":21},"end":{"line":83,"column":3}},"43":{"start":{"line":73,"column":4},"end":{"line":73,"column":27}},"44":{"start":{"line":73,"column":20},"end":{"line":73,"column":27}},"45":{"start":{"line":75,"column":4},"end":{"line":82,"column":5}},"46":{"start":{"line":76,"column":21},"end":{"line":76,"column":52}},"47":{"start":{"line":77,"column":6},"end":{"line":77,"column":64}},"48":{"start":{"line":77,"column":28},"end":{"line":77,"column":62}},"49":{"start":{"line":77,"column":45},"end":{"line":77,"column":61}},"50":{"start":{"line":78,"column":6},"end":{"line":78,"column":18}},"51":{"start":{"line":79,"column":6},"end":{"line":79,"column":26}},"52":{"start":{"line":81,"column":6},"end":{"line":81,"column":56}},"53":{"start":{"line":85,"column":28},"end":{"line":107,"column":3}},"54":{"start":{"line":88,"column":4},"end":{"line":106,"column":5}},"55":{"start":{"line":89,"column":6},"end":{"line":105,"column":7}},"56":{"start":{"line":90,"column":23},"end":{"line":90,"column":50}},"57":{"start":{"line":91,"column":8},"end":{"line":91,"column":47}},"58":{"start":{"line":92,"column":8},"end":{"line":92,"column":41}},"59":{"start":{"line":93,"column":8},"end":{"line":93,"column":62}},"60":{"start":{"line":94,"column":8},"end":{"line":97,"column":10}},"61":{"start":{"line":98,"column":8},"end":{"line":98,"column":23}},"62":{"start":{"line":99,"column":8},"end":{"line":99,"column":39}},"63":{"start":{"line":100,"column":8},"end":{"line":100,"column":30}},"64":{"start":{"line":102,"column":8},"end":{"line":102,"column":23}},"65":{"start":{"line":104,"column":8},"end":{"line":104,"column":77}},"66":{"start":{"line":109,"column":23},"end":{"line":132,"column":3}},"67":{"start":{"line":110,"column":4},"end":{"line":131,"column":5}},"68":{"start":{"line":112,"column":19},"end":{"line":112,"column":66}},"69":{"start":{"line":120,"column":22},"end":{"line":120,"column":45}},"70":{"start":{"line":121,"column":6},"end":{"line":121,"column":23}},"71":{"start":{"line":122,"column":6},"end":{"line":122,"column":27}},"72":{"start":{"line":124,"column":6},"end":{"line":128,"column":8}},"73":{"start":{"line":130,"column":6},"end":{"line":130,"column":24}},"74":{"start":{"line":134,"column":25},"end":{"line":147,"column":3}},"75":{"start":{"line":135,"column":4},"end":{"line":146,"column":5}},"76":{"start":{"line":136,"column":19},"end":{"line":136,"column":66}},"77":{"start":{"line":137,"column":21},"end":{"line":137,"column":44}},"78":{"start":{"line":138,"column":6},"end":{"line":138,"column":26}},"79":{"start":{"line":139,"column":6},"end":{"line":139,"column":29}},"80":{"start":{"line":141,"column":6},"end":{"line":143,"column":8}},"81":{"start":{"line":145,"column":6},"end":{"line":145,"column":24}},"82":{"start":{"line":149,"column":21},"end":{"line":149,"column":68}},"83":{"start":{"line":150,"column":2},"end":{"line":152,"column":19}},"84":{"start":{"line":151,"column":4},"end":{"line":151,"column":63}},"85":{"start":{"line":153,"column":2},"end":{"line":171,"column":4}},"86":{"start":{"line":15,"column":13},"end":{"line":15,"column":23}}},"fnMap":{"0":{"name":"(anonymous_0)","decl":{"start":{"line":15,"column":23},"end":{"line":15,"column":26}},"loc":{"start":{"line":15,"column":28},"end":{"line":172,"column":1}}},"1":{"name":"(anonymous_1)","decl":{"start":{"line":25,"column":51},"end":{"line":25,"column":54}},"loc":{"start":{"line":25,"column":56},"end":{"line":28,"column":3}}},"2":{"name":"(anonymous_2)","decl":{"start":{"line":33,"column":4},"end":{"line":33,"column":5}},"loc":{"start":{"line":33,"column":19},"end":{"line":33,"column":51}}},"3":{"name":"(anonymous_3)","decl":{"start":{"line":38,"column":12},"end":{"line":38,"column":15}},"loc":{"start":{"line":38,"column":17},"end":{"line":52,"column":3}}},"4":{"name":"(anonymous_4)","decl":{"start":{"line":54,"column":20},"end":{"line":54,"column":25}},"loc":{"start":{"line":54,"column":31},"end":{"line":66,"column":3}}},"5":{"name":"(anonymous_5)","decl":{"start":{"line":57,"column":28},"end":{"line":57,"column":29}},"loc":{"start":{"line":57,"column":40},"end":{"line":57,"column":44}}},"6":{"name":"(anonymous_6)","decl":{"start":{"line":68,"column":17},"end":{"line":68,"column":18}},"loc":{"start":{"line":68,"column":39},"end":{"line":70,"column":3}}},"7":{"name":"(anonymous_7)","decl":{"start":{"line":72,"column":21},"end":{"line":72,"column":26}},"loc":{"start":{"line":72,"column":49},"end":{"line":83,"column":3}}},"8":{"name":"(anonymous_8)","decl":{"start":{"line":77,"column":21},"end":{"line":77,"column":22}},"loc":{"start":{"line":77,"column":28},"end":{"line":77,"column":62}}},"9":{"name":"(anonymous_9)","decl":{"start":{"line":77,"column":37},"end":{"line":77,"column":38}},"loc":{"start":{"line":77,"column":45},"end":{"line":77,"column":61}}},"10":{"name":"(anonymous_10)","decl":{"start":{"line":85,"column":28},"end":{"line":85,"column":33}},"loc":{"start":{"line":87,"column":6},"end":{"line":107,"column":3}}},"11":{"name":"(anonymous_11)","decl":{"start":{"line":109,"column":23},"end":{"line":109,"column":28}},"loc":{"start":{"line":109,"column":34},"end":{"line":132,"column":3}}},"12":{"name":"(anonymous_12)","decl":{"start":{"line":134,"column":25},"end":{"line":134,"column":30}},"loc":{"start":{"line":134,"column":36},"end":{"line":147,"column":3}}},"13":{"name":"(anonymous_13)","decl":{"start":{"line":150,"column":12},"end":{"line":150,"column":15}},"loc":{"start":{"line":150,"column":17},"end":{"line":152,"column":3}}}},"branchMap":{"0":{"loc":{"start":{"line":27,"column":11},"end":{"line":27,"column":38}},"type":"cond-expr","locations":[{"start":{"line":27,"column":20},"end":{"line":27,"column":34}},{"start":{"line":27,"column":37},"end":{"line":27,"column":38}}]},"1":{"loc":{"start":{"line":43,"column":4},"end":{"line":47,"column":5}},"type":"if","locations":[{"start":{"line":43,"column":4},"end":{"line":47,"column":5}}]},"2":{"loc":{"start":{"line":43,"column":8},"end":{"line":43,"column":34}},"type":"binary-expr","locations":[{"start":{"line":43,"column":8},"end":{"line":43,"column":17}},{"start":{"line":43,"column":21},"end":{"line":43,"column":34}}]},"3":{"loc":{"start":{"line":62,"column":15},"end":{"line":62,"column":71}},"type":"cond-expr","locations":[{"start":{"line":62,"column":38},"end":{"line":62,"column":49}},{"start":{"line":62,"column":52},"end":{"line":62,"column":71}}]},"4":{"loc":{"start":{"line":73,"column":4},"end":{"line":73,"column":27}},"type":"if","locations":[{"start":{"line":73,"column":4},"end":{"line":73,"column":27}}]},"5":{"loc":{"start":{"line":75,"column":4},"end":{"line":82,"column":5}},"type":"if","locations":[{"start":{"line":75,"column":4},"end":{"line":82,"column":5}},{"start":{"line":80,"column":11},"end":{"line":82,"column":5}}]},"6":{"loc":{"start":{"line":88,"column":4},"end":{"line":106,"column":5}},"type":"if","locations":[{"start":{"line":88,"column":4},"end":{"line":106,"column":5}}]},"7":{"loc":{"start":{"line":104,"column":17},"end":{"line":104,"column":75}},"type":"cond-expr","locations":[{"start":{"line":104,"column":40},"end":{"line":104,"column":51}},{"start":{"line":104,"column":54},"end":{"line":104,"column":75}}]},"8":{"loc":{"start":{"line":112,"column":34},"end":{"line":112,"column":64}},"type":"binary-expr","locations":[{"start":{"line":112,"column":34},"end":{"line":112,"column":51}},{"start":{"line":112,"column":55},"end":{"line":112,"column":64}}]},"9":{"loc":{"start":{"line":125,"column":8},"end":{"line":127,"column":55}},"type":"cond-expr","locations":[{"start":{"line":126,"column":12},"end":{"line":126,"column":23}},{"start":{"line":127,"column":12},"end":{"line":127,"column":55}}]},"10":{"loc":{"start":{"line":136,"column":34},"end":{"line":136,"column":64}},"type":"binary-expr","locations":[{"start":{"line":136,"column":34},"end":{"line":136,"column":51}},{"start":{"line":136,"column":55},"end":{"line":136,"column":64}}]},"11":{"loc":{"start":{"line":142,"column":8},"end":{"line":142,"column":78}},"type":"cond-expr","locations":[{"start":{"line":142,"column":31},"end":{"line":142,"column":42}},{"start":{"line":142,"column":45},"end":{"line":142,"column":78}}]},"12":{"loc":{"start":{"line":149,"column":21},"end":{"line":149,"column":68}},"type":"cond-expr","locations":[{"start":{"line":149,"column":48},"end":{"line":149,"column":64}},{"start":{"line":149,"column":67},"end":{"line":149,"column":68}}]}},"s":{"0":2,"1":2,"2":2,"3":2,"4":2,"5":24,"6":24,"7":24,"8":24,"9":24,"10":24,"11":24,"12":24,"13":12,"14":12,"15":24,"16":24,"17":24,"18":14,"19":24,"20":24,"21":12,"22":12,"23":12,"24":12,"25":0,"26":0,"27":0,"28":12,"29":12,"30":24,"31":13,"32":13,"33":12,"34":14,"35":12,"36":12,"37":12,"38":1,"39":13,"40":24,"41":3,"42":24,"43":1,"44":0,"45":1,"46":1,"47":1,"48":1,"49":1,"50":1,"51":1,"52":0,"53":24,"54":2,"55":2,"56":2,"57":1,"58":1,"59":1,"60":1,"61":1,"62":1,"63":1,"64":1,"65":1,"66":24,"67":15,"68":15,"69":15,"70":10,"71":10,"72":5,"73":15,"74":24,"75":2,"76":2,"77":2,"78":1,"79":1,"80":1,"81":2,"82":24,"83":24,"84":22,"85":24,"86":2},"f":{"0":24,"1":12,"2":14,"3":12,"4":13,"5":14,"6":3,"7":1,"8":1,"9":1,"10":2,"11":15,"12":2,"13":22},"b":{"0":[0,12],"1":[0],"2":[12,0],"3":[1,0],"4":[0],"5":[1,0],"6":[2],"7":[1,0],"8":[15,15],"9":[5,0],"10":[2,2],"11":[1,0],"12":[24,0]}}
,"/home/vpadilla/vinnare-front/src/hooks/useProductSearch.ts": {"path":"/home/vpadilla/vinnare-front/src/hooks/useProductSearch.ts","statementMap":{"0":{"start":{"line":1,"column":0},"end":{"line":1,"column":44}},"1":{"start":{"line":2,"column":0},"end":{"line":2,"column":34}},"2":{"start":{"line":14,"column":32},"end":{"line":47,"column":1}},"3":{"start":{"line":15,"column":34},"end":{"line":15,"column":57}},"4":{"start":{"line":16,"column":32},"end":{"line":16,"column":47}},"5":{"start":{"line":17,"column":28},"end":{"line":17,"column":57}},"6":{"start":{"line":19,"column":2},"end":{"line":44,"column":19}},"7":{"start":{"line":20,"column":27},"end":{"line":39,"column":5}},"8":{"start":{"line":21,"column":6},"end":{"line":24,"column":7}},"9":{"start":{"line":22,"column":8},"end":{"line":22,"column":24}},"10":{"start":{"line":23,"column":8},"end":{"line":23,"column":15}},"11":{"start":{"line":26,"column":6},"end":{"line":26,"column":23}},"12":{"start":{"line":27,"column":6},"end":{"line":38,"column":7}},"13":{"start":{"line":28,"column":25},"end":{"line":28,"column":75}},"14":{"start":{"line":29,"column":36},"end":{"line":32,"column":11}},"15":{"start":{"line":29,"column":77},"end":{"line":32,"column":10}},"16":{"start":{"line":33,"column":8},"end":{"line":33,"column":41}},"17":{"start":{"line":35,"column":8},"end":{"line":35,"column":75}},"18":{"start":{"line":37,"column":8},"end":{"line":37,"column":26}},"19":{"start":{"line":42,"column":22},"end":{"line":42,"column":53}},"20":{"start":{"line":43,"column":4},"end":{"line":43,"column":41}},"21":{"start":{"line":43,"column":17},"end":{"line":43,"column":40}},"22":{"start":{"line":46,"column":2},"end":{"line":46,"column":38}},"23":{"start":{"line":14,"column":13},"end":{"line":14,"column":32}}},"fnMap":{"0":{"name":"(anonymous_1)","decl":{"start":{"line":14,"column":32},"end":{"line":14,"column":33}},"loc":{"start":{"line":14,"column":55},"end":{"line":47,"column":1}}},"1":{"name":"(anonymous_2)","decl":{"start":{"line":19,"column":12},"end":{"line":19,"column":15}},"loc":{"start":{"line":19,"column":17},"end":{"line":44,"column":3}}},"2":{"name":"(anonymous_3)","decl":{"start":{"line":20,"column":27},"end":{"line":20,"column":32}},"loc":{"start":{"line":20,"column":38},"end":{"line":39,"column":5}}},"3":{"name":"(anonymous_4)","decl":{"start":{"line":29,"column":54},"end":{"line":29,"column":55}},"loc":{"start":{"line":29,"column":77},"end":{"line":32,"column":10}}},"4":{"name":"(anonymous_5)","decl":{"start":{"line":43,"column":11},"end":{"line":43,"column":14}},"loc":{"start":{"line":43,"column":17},"end":{"line":43,"column":40}}}},"branchMap":{"0":{"loc":{"start":{"line":21,"column":6},"end":{"line":24,"column":7}},"type":"if","locations":[{"start":{"line":21,"column":6},"end":{"line":24,"column":7}}]},"1":{"loc":{"start":{"line":21,"column":10},"end":{"line":21,"column":46}},"type":"binary-expr","locations":[{"start":{"line":21,"column":10},"end":{"line":21,"column":21}},{"start":{"line":21,"column":25},"end":{"line":21,"column":46}}]},"2":{"loc":{"start":{"line":35,"column":17},"end":{"line":35,"column":73}},"type":"cond-expr","locations":[{"start":{"line":35,"column":40},"end":{"line":35,"column":51}},{"start":{"line":35,"column":54},"end":{"line":35,"column":73}}]}},"s":{"0":3,"1":3,"2":3,"3":15,"4":15,"5":15,"6":15,"7":15,"8":0,"9":0,"10":0,"11":0,"12":0,"13":0,"14":0,"15":0,"16":0,"17":0,"18":0,"19":15,"20":15,"21":15,"22":15,"23":3},"f":{"0":15,"1":15,"2":0,"3":0,"4":15},"b":{"0":[0],"1":[0,0],"2":[0,0]}}
,"/home/vpadilla/vinnare-front/src/layouts/CategoryGrid.tsx": {"path":"/home/vpadilla/vinnare-front/src/layouts/CategoryGrid.tsx","statementMap":{"0":{"start":{"line":1,"column":0},"end":{"line":1,"column":26}},"1":{"start":{"line":2,"column":0},"end":{"line":2,"column":64}},"2":{"start":{"line":14,"column":50},"end":{"line":21,"column":null}},"3":{"start":{"line":15,"column":2},"end":{"line":20,"column":null}},"4":{"start":{"line":18,"column":8},"end":{"line":18,"column":37}},"5":{"start":{"line":24,"column":0},"end":{"line":24,"column":28}}},"fnMap":{"0":{"name":"(anonymous_1)","decl":{"start":{"line":14,"column":50},"end":{"line":14,"column":51}},"loc":{"start":{"line":15,"column":2},"end":{"line":20,"column":null}}},"1":{"name":"(anonymous_2)","decl":{"start":{"line":17,"column":22},"end":{"line":17,"column":23}},"loc":{"start":{"line":18,"column":8},"end":{"line":18,"column":37}}}},"branchMap":{},"s":{"0":2,"1":2,"2":2,"3":13,"4":27,"5":2},"f":{"0":13,"1":27},"b":{}}
,"/home/vpadilla/vinnare-front/src/layouts/FormCardLayout.tsx": {"path":"/home/vpadilla/vinnare-front/src/layouts/FormCardLayout.tsx","statementMap":{"0":{"start":{"line":1,"column":0},"end":{"line":1,"column":26}},"1":{"start":{"line":11,"column":23},"end":{"line":20,"column":1}},"2":{"start":{"line":12,"column":2},"end":{"line":19,"column":4}},"3":{"start":{"line":22,"column":0},"end":{"line":22,"column":30}}},"fnMap":{"0":{"name":"(anonymous_1)","decl":{"start":{"line":11,"column":23},"end":{"line":11,"column":24}},"loc":{"start":{"line":11,"column":98},"end":{"line":20,"column":1}}}},"branchMap":{"0":{"loc":{"start":{"line":14,"column":7},"end":{"line":14,"column":87}},"type":"binary-expr","locations":[{"start":{"line":14,"column":7},"end":{"line":14,"column":14}},{"start":{"line":14,"column":18},"end":{"line":14,"column":87}}]},"1":{"loc":{"start":{"line":16,"column":7},"end":{"line":16,"column":75}},"type":"binary-expr","locations":[{"start":{"line":16,"column":7},"end":{"line":16,"column":15}},{"start":{"line":16,"column":19},"end":{"line":16,"column":75}}]}},"s":{"0":2,"1":2,"2":57,"3":2},"f":{"0":57},"b":{"0":[57,57],"1":[57,57]}}
,"/home/vpadilla/vinnare-front/src/layouts/ProductGrid.tsx": {"path":"/home/vpadilla/vinnare-front/src/layouts/ProductGrid.tsx","statementMap":{"0":{"start":{"line":1,"column":0},"end":{"line":1,"column":26}},"1":{"start":{"line":2,"column":0},"end":{"line":2,"column":62}},"2":{"start":{"line":14,"column":48},"end":{"line":26,"column":null}},"3":{"start":{"line":15,"column":2},"end":{"line":25,"column":null}},"4":{"start":{"line":18,"column":8},"end":{"line":19,"column":null}},"5":{"start":{"line":29,"column":0},"end":{"line":29,"column":27}}},"fnMap":{"0":{"name":"(anonymous_1)","decl":{"start":{"line":14,"column":48},"end":{"line":14,"column":49}},"loc":{"start":{"line":15,"column":2},"end":{"line":25,"column":null}}},"1":{"name":"(anonymous_2)","decl":{"start":{"line":17,"column":20},"end":{"line":17,"column":21}},"loc":{"start":{"line":18,"column":8},"end":{"line":19,"column":null}}}},"branchMap":{},"s":{"0":2,"1":2,"2":2,"3":16,"4":33,"5":2},"f":{"0":16,"1":33},"b":{}}
,"/home/vpadilla/vinnare-front/src/pages/LandingPage.tsx": {"path":"/home/vpadilla/vinnare-front/src/pages/LandingPage.tsx","statementMap":{"0":{"start":{"line":1,"column":0},"end":{"line":1,"column":52}},"1":{"start":{"line":2,"column":0},"end":{"line":2,"column":52}},"2":{"start":{"line":3,"column":0},"end":{"line":3,"column":62}},"3":{"start":{"line":4,"column":0},"end":{"line":4,"column":66}},"4":{"start":{"line":5,"column":0},"end":{"line":5,"column":51}},"5":{"start":{"line":6,"column":0},"end":{"line":6,"column":76}},"6":{"start":{"line":7,"column":0},"end":{"line":7,"column":49}},"7":{"start":{"line":8,"column":0},"end":{"line":8,"column":61}},"8":{"start":{"line":9,"column":0},"end":{"line":9,"column":63}},"9":{"start":{"line":10,"column":0},"end":{"line":10,"column":71}},"10":{"start":{"line":11,"column":0},"end":{"line":11,"column":47}},"11":{"start":{"line":12,"column":0},"end":{"line":12,"column":26}},"12":{"start":{"line":14,"column":21},"end":{"line":18,"column":2}},"13":{"start":{"line":20,"column":20},"end":{"line":102,"column":1}},"14":{"start":{"line":21,"column":19},"end":{"line":21,"column":32}},"15":{"start":{"line":22,"column":41},"end":{"line":22,"column":59}},"16":{"start":{"line":23,"column":83},"end":{"line":23,"column":102}},"17":{"start":{"line":24,"column":74},"end":{"line":24,"column":97}},"18":{"start":{"line":27,"column":2},"end":{"line":101,"column":4}},"19":{"start":{"line":39,"column":31},"end":{"line":39,"column":53}},"20":{"start":{"line":49,"column":47},"end":{"line":52,"column":14}},"21":{"start":{"line":60,"column":31},"end":{"line":60,"column":53}},"22":{"start":{"line":70,"column":50},"end":{"line":70,"column":63}},"23":{"start":{"line":78,"column":31},"end":{"line":78,"column":53}},"24":{"start":{"line":88,"column":50},"end":{"line":94,"column":14}},"25":{"start":{"line":104,"column":0},"end":{"line":104,"column":27}}},"fnMap":{"0":{"name":"(anonymous_1)","decl":{"start":{"line":20,"column":20},"end":{"line":20,"column":23}},"loc":{"start":{"line":20,"column":25},"end":{"line":102,"column":1}}},"1":{"name":"(anonymous_2)","decl":{"start":{"line":39,"column":25},"end":{"line":39,"column":28}},"loc":{"start":{"line":39,"column":31},"end":{"line":39,"column":53}}},"2":{"name":"(anonymous_3)","decl":{"start":{"line":49,"column":39},"end":{"line":49,"column":42}},"loc":{"start":{"line":49,"column":47},"end":{"line":52,"column":14}}},"3":{"name":"(anonymous_4)","decl":{"start":{"line":60,"column":25},"end":{"line":60,"column":28}},"loc":{"start":{"line":60,"column":31},"end":{"line":60,"column":53}}},"4":{"name":"(anonymous_5)","decl":{"start":{"line":70,"column":39},"end":{"line":70,"column":46}},"loc":{"start":{"line":70,"column":50},"end":{"line":70,"column":63}}},"5":{"name":"(anonymous_6)","decl":{"start":{"line":78,"column":25},"end":{"line":78,"column":28}},"loc":{"start":{"line":78,"column":31},"end":{"line":78,"column":53}}},"6":{"name":"(anonymous_7)","decl":{"start":{"line":88,"column":38},"end":{"line":88,"column":45}},"loc":{"start":{"line":88,"column":50},"end":{"line":94,"column":14}}}},"branchMap":{"0":{"loc":{"start":{"line":41,"column":9},"end":{"line":53,"column":null}},"type":"cond-expr","locations":[{"start":{"line":42,"column":10},"end":{"line":43,"column":null}},{"start":{"line":45,"column":12},"end":{"line":53,"column":null}}]},"1":{"loc":{"start":{"line":45,"column":12},"end":{"line":53,"column":null}},"type":"cond-expr","locations":[{"start":{"line":46,"column":10},"end":{"line":46,"column":69}},{"start":{"line":48,"column":10},"end":{"line":52,"column":null}}]},"2":{"loc":{"start":{"line":62,"column":9},"end":{"line":71,"column":null}},"type":"cond-expr","locations":[{"start":{"line":63,"column":10},"end":{"line":64,"column":null}},{"start":{"line":66,"column":12},"end":{"line":71,"column":null}}]},"3":{"loc":{"start":{"line":66,"column":12},"end":{"line":71,"column":null}},"type":"cond-expr","locations":[{"start":{"line":67,"column":10},"end":{"line":67,"column":75}},{"start":{"line":69,"column":10},"end":{"line":70,"column":null}}]},"4":{"loc":{"start":{"line":80,"column":9},"end":{"line":95,"column":null}},"type":"cond-expr","locations":[{"start":{"line":81,"column":10},"end":{"line":82,"column":null}},{"start":{"line":84,"column":12},"end":{"line":95,"column":null}}]},"5":{"loc":{"start":{"line":84,"column":12},"end":{"line":95,"column":null}},"type":"cond-expr","locations":[{"start":{"line":85,"column":10},"end":{"line":85,"column":72}},{"start":{"line":86,"column":12},"end":{"line":95,"column":null}}]},"6":{"loc":{"start":{"line":86,"column":12},"end":{"line":95,"column":null}},"type":"binary-expr","locations":[{"start":{"line":86,"column":12},"end":{"line":86,"column":38}},{"start":{"line":87,"column":10},"end":{"line":94,"column":null}}]}},"s":{"0":1,"1":1,"2":1,"3":1,"4":1,"5":1,"6":1,"7":1,"8":1,"9":1,"10":1,"11":1,"12":1,"13":1,"14":11,"15":11,"16":11,"17":11,"18":11,"19":1,"20":18,"21":1,"22":27,"23":1,"24":22,"25":1},"f":{"0":11,"1":1,"2":18,"3":1,"4":27,"5":1,"6":22},"b":{"0":[1,10],"1":[1,9],"2":[1,10],"3":[1,9],"4":[0,11],"5":[0,11],"6":[11,11]}}
,"/home/vpadilla/vinnare-front/src/pages/Login.tsx": {"path":"/home/vpadilla/vinnare-front/src/pages/Login.tsx","statementMap":{"0":{"start":{"line":1,"column":0},"end":{"line":1,"column":62}},"1":{"start":{"line":2,"column":0},"end":{"line":2,"column":38}},"2":{"start":{"line":3,"column":0},"end":{"line":3,"column":49}},"3":{"start":{"line":4,"column":0},"end":{"line":4,"column":26}},"4":{"start":{"line":7,"column":18},"end":{"line":36,"column":3}},"5":{"start":{"line":8,"column":4},"end":{"line":35,"column":6}},"6":{"start":{"line":38,"column":2},"end":{"line":38,"column":27}}},"fnMap":{"0":{"name":"(anonymous_1)","decl":{"start":{"line":7,"column":18},"end":{"line":7,"column":21}},"loc":{"start":{"line":7,"column":23},"end":{"line":36,"column":3}}}},"branchMap":{},"s":{"0":1,"1":1,"2":1,"3":1,"4":1,"5":4,"6":1},"f":{"0":4},"b":{}}
,"/home/vpadilla/vinnare-front/src/pages/SignUp.tsx": {"path":"/home/vpadilla/vinnare-front/src/pages/SignUp.tsx","statementMap":{"0":{"start":{"line":1,"column":0},"end":{"line":1,"column":64}},"1":{"start":{"line":2,"column":0},"end":{"line":2,"column":38}},"2":{"start":{"line":3,"column":0},"end":{"line":3,"column":49}},"3":{"start":{"line":4,"column":0},"end":{"line":4,"column":26}},"4":{"start":{"line":6,"column":19},"end":{"line":33,"column":1}},"5":{"start":{"line":7,"column":2},"end":{"line":32,"column":4}},"6":{"start":{"line":35,"column":0},"end":{"line":35,"column":26}}},"fnMap":{"0":{"name":"(anonymous_1)","decl":{"start":{"line":6,"column":19},"end":{"line":6,"column":22}},"loc":{"start":{"line":6,"column":24},"end":{"line":33,"column":1}}}},"branchMap":{},"s":{"0":1,"1":1,"2":1,"3":1,"4":1,"5":2,"6":1},"f":{"0":2},"b":{}}
,"/home/vpadilla/vinnare-front/src/services/api.ts": {"path":"/home/vpadilla/vinnare-front/src/services/api.ts","statementMap":{"0":{"start":{"line":1,"column":0},"end":{"line":1,"column":26}},"1":{"start":{"line":3,"column":12},"end":{"line":8,"column":2}},"2":{"start":{"line":11,"column":0},"end":{"line":18,"column":5}},"3":{"start":{"line":12,"column":18},"end":{"line":12,"column":47}},"4":{"start":{"line":13,"column":4},"end":{"line":15,"column":5}},"5":{"start":{"line":14,"column":6},"end":{"line":14,"column":55}},"6":{"start":{"line":16,"column":4},"end":{"line":16,"column":56}},"7":{"start":{"line":17,"column":4},"end":{"line":17,"column":18}},"8":{"start":{"line":20,"column":0},"end":{"line":20,"column":19}}},"fnMap":{"0":{"name":"(anonymous_1)","decl":{"start":{"line":11,"column":29},"end":{"line":11,"column":30}},"loc":{"start":{"line":11,"column":40},"end":{"line":18,"column":3}}}},"branchMap":{"0":{"loc":{"start":{"line":13,"column":4},"end":{"line":15,"column":5}},"type":"if","locations":[{"start":{"line":13,"column":4},"end":{"line":15,"column":5}}]}},"s":{"0":4,"1":4,"2":4,"3":0,"4":0,"5":0,"6":0,"7":0,"8":4},"f":{"0":0},"b":{"0":[0]}}
,"/home/vpadilla/vinnare-front/src/services/shopperService.ts": {"path":"/home/vpadilla/vinnare-front/src/services/shopperService.ts","statementMap":{"0":{"start":{"line":3,"column":0},"end":{"line":3,"column":7}},"1":{"start":{"line":20,"column":0},"end":{"line":20,"column":7}},"2":{"start":{"line":25,"column":0},"end":{"line":25,"column":7}},"3":{"start":{"line":32,"column":0},"end":{"line":32,"column":7}},"4":{"start":{"line":37,"column":0},"end":{"line":37,"column":7}},"5":{"start":{"line":59,"column":0},"end":{"line":59,"column":7}},"6":{"start":{"line":74,"column":0},"end":{"line":74,"column":7}},"7":{"start":{"line":82,"column":0},"end":{"line":82,"column":7}},"8":{"start":{"line":87,"column":0},"end":{"line":87,"column":7}},"9":{"start":{"line":94,"column":0},"end":{"line":94,"column":7}},"10":{"start":{"line":99,"column":0},"end":{"line":99,"column":7}},"11":{"start":{"line":1,"column":0},"end":{"line":1,"column":24}},"12":{"start":{"line":4,"column":19},"end":{"line":6,"column":4}},"13":{"start":{"line":7,"column":2},"end":{"line":17,"column":6}},"14":{"start":{"line":7,"column":40},"end":{"line":17,"column":4}},"15":{"start":{"line":21,"column":19},"end":{"line":21,"column":54}},"16":{"start":{"line":22,"column":2},"end":{"line":22,"column":23}},"17":{"start":{"line":26,"column":19},"end":{"line":26,"column":55}},"18":{"start":{"line":27,"column":2},"end":{"line":29,"column":6}},"19":{"start":{"line":27,"column":40},"end":{"line":29,"column":4}},"20":{"start":{"line":33,"column":19},"end":{"line":33,"column":54}},"21":{"start":{"line":34,"column":2},"end":{"line":34,"column":23}},"22":{"start":{"line":38,"column":19},"end":{"line":41,"column":4}},"23":{"start":{"line":42,"column":2},"end":{"line":42,"column":23}},"24":{"start":{"line":45,"column":34},"end":{"line":48,"column":1}},"25":{"start":{"line":46,"column":14},"end":{"line":46,"column":64}},"26":{"start":{"line":47,"column":2},"end":{"line":47,"column":18}},"27":{"start":{"line":45,"column":13},"end":{"line":45,"column":34}},"28":{"start":{"line":50,"column":33},"end":{"line":57,"column":1}},"29":{"start":{"line":51,"column":14},"end":{"line":55,"column":4}},"30":{"start":{"line":56,"column":2},"end":{"line":56,"column":18}},"31":{"start":{"line":50,"column":13},"end":{"line":50,"column":33}},"32":{"start":{"line":60,"column":19},"end":{"line":60,"column":50}},"33":{"start":{"line":61,"column":2},"end":{"line":71,"column":6}},"34":{"start":{"line":61,"column":40},"end":{"line":71,"column":4}},"35":{"start":{"line":75,"column":19},"end":{"line":78,"column":4}},"36":{"start":{"line":79,"column":2},"end":{"line":79,"column":23}},"37":{"start":{"line":83,"column":19},"end":{"line":83,"column":60}},"38":{"start":{"line":84,"column":2},"end":{"line":84,"column":23}},"39":{"start":{"line":88,"column":19},"end":{"line":90,"column":4}},"40":{"start":{"line":91,"column":2},"end":{"line":91,"column":23}},"41":{"start":{"line":95,"column":19},"end":{"line":95,"column":65}},"42":{"start":{"line":96,"column":2},"end":{"line":96,"column":23}},"43":{"start":{"line":100,"column":19},"end":{"line":100,"column":57}},"44":{"start":{"line":101,"column":2},"end":{"line":101,"column":23}}},"fnMap":{"0":{"name":"getProducts","decl":{"start":{"line":3,"column":22},"end":{"line":3,"column":33}},"loc":{"start":{"line":3,"column":33},"end":{"line":18,"column":1}}},"1":{"name":"(anonymous_2)","decl":{"start":{"line":7,"column":27},"end":{"line":7,"column":28}},"loc":{"start":{"line":7,"column":40},"end":{"line":17,"column":4}}},"2":{"name":"getProductById","decl":{"start":{"line":20,"column":22},"end":{"line":20,"column":36}},"loc":{"start":{"line":20,"column":47},"end":{"line":23,"column":1}}},"3":{"name":"getCategories","decl":{"start":{"line":25,"column":22},"end":{"line":25,"column":35}},"loc":{"start":{"line":25,"column":35},"end":{"line":30,"column":1}}},"4":{"name":"(anonymous_5)","decl":{"start":{"line":27,"column":27},"end":{"line":27,"column":28}},"loc":{"start":{"line":27,"column":40},"end":{"line":29,"column":4}}},"5":{"name":"getWishlist","decl":{"start":{"line":32,"column":22},"end":{"line":32,"column":33}},"loc":{"start":{"line":32,"column":33},"end":{"line":35,"column":1}}},"6":{"name":"addToWishlist","decl":{"start":{"line":37,"column":22},"end":{"line":37,"column":35}},"loc":{"start":{"line":37,"column":69},"end":{"line":43,"column":1}}},"7":{"name":"(anonymous_8)","decl":{"start":{"line":45,"column":34},"end":{"line":45,"column":39}},"loc":{"start":{"line":45,"column":62},"end":{"line":48,"column":1}}},"8":{"name":"(anonymous_9)","decl":{"start":{"line":50,"column":33},"end":{"line":50,"column":38}},"loc":{"start":{"line":50,"column":61},"end":{"line":57,"column":1}}},"9":{"name":"getCart","decl":{"start":{"line":59,"column":22},"end":{"line":59,"column":29}},"loc":{"start":{"line":59,"column":29},"end":{"line":72,"column":1}}},"10":{"name":"(anonymous_11)","decl":{"start":{"line":61,"column":27},"end":{"line":61,"column":28}},"loc":{"start":{"line":61,"column":40},"end":{"line":71,"column":4}}},"11":{"name":"addToCart","decl":{"start":{"line":74,"column":22},"end":{"line":74,"column":31}},"loc":{"start":{"line":74,"column":67},"end":{"line":80,"column":1}}},"12":{"name":"removeFromCart","decl":{"start":{"line":82,"column":22},"end":{"line":82,"column":36}},"loc":{"start":{"line":82,"column":54},"end":{"line":85,"column":1}}},"13":{"name":"useCoupon","decl":{"start":{"line":87,"column":22},"end":{"line":87,"column":31}},"loc":{"start":{"line":87,"column":44},"end":{"line":92,"column":1}}},"14":{"name":"viewPreview","decl":{"start":{"line":94,"column":22},"end":{"line":94,"column":33}},"loc":{"start":{"line":94,"column":64},"end":{"line":97,"column":1}}},"15":{"name":"buyProducts","decl":{"start":{"line":99,"column":22},"end":{"line":99,"column":33}},"loc":{"start":{"line":99,"column":64},"end":{"line":102,"column":1}}}},"branchMap":{},"s":{"0":1,"1":1,"2":1,"3":1,"4":1,"5":1,"6":1,"7":1,"8":1,"9":1,"10":1,"11":1,"12":0,"13":0,"14":0,"15":0,"16":0,"17":0,"18":0,"19":0,"20":0,"21":0,"22":0,"23":0,"24":1,"25":0,"26":0,"27":1,"28":1,"29":0,"30":0,"31":1,"32":0,"33":0,"34":0,"35":0,"36":0,"37":0,"38":0,"39":0,"40":0,"41":0,"42":0,"43":0,"44":0},"f":{"0":0,"1":0,"2":0,"3":0,"4":0,"5":0,"6":0,"7":0,"8":0,"9":0,"10":0,"11":0,"12":0,"13":0,"14":0,"15":0},"b":{}}
,"/home/vpadilla/vinnare-front/src/utils/cn.tsx": {"path":"/home/vpadilla/vinnare-front/src/utils/cn.tsx","statementMap":{"0":{"start":{"line":1,"column":0},"end":{"line":1,"column":16}},"1":{"start":{"line":2,"column":4},"end":{"line":2,"column":45}}},"fnMap":{"0":{"name":"cn","decl":{"start":{"line":1,"column":16},"end":{"line":1,"column":18}},"loc":{"start":{"line":1,"column":63},"end":{"line":3,"column":1}}}},"branchMap":{},"s":{"0":3,"1":61},"f":{"0":61},"b":{}}
}
