{"/home/vpadilla/vinnare-front/src/components/atoms/Button.tsx": {"path":"/home/vpadilla/vinnare-front/src/components/atoms/Button.tsx","statementMap":{"0":{"start":{"line":1,"column":0},"end":{"line":1,"column":36}},"1":{"start":{"line":2,"column":0},"end":{"line":2,"column":26}},"2":{"start":{"line":9,"column":15},"end":{"line":26,"column":1}},"3":{"start":{"line":10,"column":21},"end":{"line":10,"column":74}},"4":{"start":{"line":12,"column":19},"end":{"line":16,"column":4}},"5":{"start":{"line":18,"column":2},"end":{"line":25,"column":4}},"6":{"start":{"line":28,"column":0},"end":{"line":28,"column":22}}},"fnMap":{"0":{"name":"(anonymous_1)","decl":{"start":{"line":9,"column":15},"end":{"line":9,"column":16}},"loc":{"start":{"line":9,"column":87},"end":{"line":26,"column":1}}}},"branchMap":{"0":{"loc":{"start":{"line":9,"column":18},"end":{"line":9,"column":37}},"type":"default-arg","locations":[{"start":{"line":9,"column":28},"end":{"line":9,"column":37}}]}},"s":{"0":3,"1":3,"2":3,"3":58,"4":58,"5":58,"6":3},"f":{"0":58},"b":{"0":[32]}}
,"/home/vpadilla/vinnare-front/src/components/atoms/CheckboxField.tsx": {"path":"/home/vpadilla/vinnare-front/src/components/atoms/CheckboxField.tsx","statementMap":{"0":{"start":{"line":1,"column":0},"end":{"line":1,"column":35}},"1":{"start":{"line":2,"column":0},"end":{"line":2,"column":26}},"2":{"start":{"line":9,"column":22},"end":{"line":40,"column":null}},"3":{"start":{"line":11,"column":4},"end":{"line":39,"column":6}},"4":{"start":{"line":43,"column":0},"end":{"line":43,"column":29}}},"fnMap":{"0":{"name":"(anonymous_1)","decl":{"start":{"line":10,"column":2},"end":{"line":10,"column":3}},"loc":{"start":{"line":10,"column":38},"end":{"line":40,"column":3}}}},"branchMap":{"0":{"loc":{"start":{"line":37,"column":9},"end":{"line":37,"column":65}},"type":"binary-expr","locations":[{"start":{"line":37,"column":9},"end":{"line":37,"column":14}},{"start":{"line":37,"column":18},"end":{"line":37,"column":65}}]}},"s":{"0":2,"1":2,"2":2,"3":31,"4":2},"f":{"0":31},"b":{"0":[31,1]}}
,"/home/vpadilla/vinnare-front/src/components/atoms/InputField.tsx": {"path":"/home/vpadilla/vinnare-front/src/components/atoms/InputField.tsx","statementMap":{"0":{"start":{"line":1,"column":0},"end":{"line":1,"column":35}},"1":{"start":{"line":2,"column":0},"end":{"line":2,"column":26}},"2":{"start":{"line":9,"column":19},"end":{"line":29,"column":null}},"3":{"start":{"line":11,"column":20},"end":{"line":11,"column":66}},"4":{"start":{"line":12,"column":4},"end":{"line":28,"column":6}},"5":{"start":{"line":32,"column":0},"end":{"line":32,"column":26}}},"fnMap":{"0":{"name":"(anonymous_1)","decl":{"start":{"line":10,"column":2},"end":{"line":10,"column":3}},"loc":{"start":{"line":10,"column":41},"end":{"line":29,"column":3}}}},"branchMap":{"0":{"loc":{"start":{"line":11,"column":20},"end":{"line":11,"column":66}},"type":"binary-expr","locations":[{"start":{"line":11,"column":20},"end":{"line":11,"column":22}},{"start":{"line":11,"column":26},"end":{"line":11,"column":66}}]},"1":{"loc":{"start":{"line":18,"column":16},"end":{"line":18,"column":36}},"type":"binary-expr","locations":[{"start":{"line":18,"column":16},"end":{"line":18,"column":26}},{"start":{"line":18,"column":30},"end":{"line":18,"column":36}}]},"2":{"loc":{"start":{"line":23,"column":14},"end":{"line":23,"column":null}},"type":"cond-expr","locations":[{"start":{"line":23,"column":22},"end":{"line":23,"column":38}},{"start":{"line":23,"column":41},"end":{"line":23,"column":null}}]},"3":{"loc":{"start":{"line":26,"column":9},"end":{"line":26,"column":65}},"type":"binary-expr","locations":[{"start":{"line":26,"column":9},"end":{"line":26,"column":14}},{"start":{"line":26,"column":18},"end":{"line":26,"column":65}}]}},"s":{"0":3,"1":3,"2":3,"3":174,"4":174,"5":3},"f":{"0":174},"b":{"0":[174,174],"1":[174,120],"2":[18,156],"3":[174,18]}}
,"/home/vpadilla/vinnare-front/src/components/atoms/SelectField.tsx": {"path":"/home/vpadilla/vinnare-front/src/components/atoms/SelectField.tsx","statementMap":{"0":{"start":{"line":1,"column":0},"end":{"line":1,"column":35}},"1":{"start":{"line":2,"column":0},"end":{"line":2,"column":26}},"2":{"start":{"line":15,"column":20},"end":{"line":40,"column":null}},"3":{"start":{"line":17,"column":20},"end":{"line":17,"column":66}},"4":{"start":{"line":18,"column":4},"end":{"line":39,"column":6}},"5":{"start":{"line":32,"column":12},"end":{"line":32,"column":36}},"6":{"start":{"line":43,"column":0},"end":{"line":43,"column":27}}},"fnMap":{"0":{"name":"(anonymous_1)","decl":{"start":{"line":16,"column":2},"end":{"line":16,"column":3}},"loc":{"start":{"line":16,"column":51},"end":{"line":40,"column":3}}},"1":{"name":"(anonymous_2)","decl":{"start":{"line":31,"column":23},"end":{"line":31,"column":24}},"loc":{"start":{"line":32,"column":12},"end":{"line":32,"column":36}}}},"branchMap":{"0":{"loc":{"start":{"line":17,"column":20},"end":{"line":17,"column":66}},"type":"binary-expr","locations":[{"start":{"line":17,"column":20},"end":{"line":17,"column":22}},{"start":{"line":17,"column":26},"end":{"line":17,"column":66}}]},"1":{"loc":{"start":{"line":26,"column":12},"end":{"line":26,"column":56}},"type":"cond-expr","locations":[{"start":{"line":26,"column":20},"end":{"line":26,"column":36}},{"start":{"line":26,"column":39},"end":{"line":26,"column":56}}]},"2":{"loc":{"start":{"line":27,"column":14},"end":{"line":27,"column":68}},"type":"cond-expr","locations":[{"start":{"line":27,"column":35},"end":{"line":27,"column":50}},{"start":{"line":27,"column":53},"end":{"line":27,"column":68}}]},"3":{"loc":{"start":{"line":37,"column":9},"end":{"line":37,"column":65}},"type":"binary-expr","locations":[{"start":{"line":37,"column":9},"end":{"line":37,"column":14}},{"start":{"line":37,"column":18},"end":{"line":37,"column":65}}]}},"s":{"0":2,"1":2,"2":2,"3":33,"4":33,"5":36,"6":2},"f":{"0":33,"1":36},"b":{"0":[33,33],"1":[4,29],"2":[4,29],"3":[33,4]}}
,"/home/vpadilla/vinnare-front/src/components/molecules/PasswordInput.tsx": {"path":"/home/vpadilla/vinnare-front/src/components/molecules/PasswordInput.tsx","statementMap":{"0":{"start":{"line":1,"column":0},"end":{"line":1,"column":45}},"1":{"start":{"line":2,"column":0},"end":{"line":2,"column":51}},"2":{"start":{"line":3,"column":0},"end":{"line":3,"column":26}},"3":{"start":{"line":10,"column":22},"end":{"line":42,"column":null}},"4":{"start":{"line":12,"column":20},"end":{"line":12,"column":66}},"5":{"start":{"line":13,"column":28},"end":{"line":13,"column":43}},"6":{"start":{"line":15,"column":4},"end":{"line":41,"column":6}},"7":{"start":{"line":33,"column":27},"end":{"line":33,"column":41}},"8":{"start":{"line":45,"column":0},"end":{"line":45,"column":29}}},"fnMap":{"0":{"name":"(anonymous_1)","decl":{"start":{"line":11,"column":2},"end":{"line":11,"column":3}},"loc":{"start":{"line":11,"column":40},"end":{"line":42,"column":3}}},"1":{"name":"(anonymous_2)","decl":{"start":{"line":33,"column":21},"end":{"line":33,"column":24}},"loc":{"start":{"line":33,"column":27},"end":{"line":33,"column":41}}}},"branchMap":{"0":{"loc":{"start":{"line":12,"column":20},"end":{"line":12,"column":66}},"type":"binary-expr","locations":[{"start":{"line":12,"column":20},"end":{"line":12,"column":22}},{"start":{"line":12,"column":26},"end":{"line":12,"column":66}}]},"1":{"loc":{"start":{"line":21,"column":18},"end":{"line":21,"column":44}},"type":"cond-expr","locations":[{"start":{"line":21,"column":25},"end":{"line":21,"column":31}},{"start":{"line":21,"column":34},"end":{"line":21,"column":44}}]},"2":{"loc":{"start":{"line":27,"column":18},"end":{"line":27,"column":null}},"type":"cond-expr","locations":[{"start":{"line":27,"column":26},"end":{"line":27,"column":42}},{"start":{"line":27,"column":45},"end":{"line":27,"column":null}}]},"3":{"loc":{"start":{"line":36,"column":13},"end":{"line":36,"column":46}},"type":"cond-expr","locations":[{"start":{"line":36,"column":20},"end":{"line":36,"column":34}},{"start":{"line":36,"column":37},"end":{"line":36,"column":46}}]},"4":{"loc":{"start":{"line":39,"column":9},"end":{"line":39,"column":65}},"type":"binary-expr","locations":[{"start":{"line":39,"column":9},"end":{"line":39,"column":14}},{"start":{"line":39,"column":18},"end":{"line":39,"column":65}}]}},"s":{"0":3,"1":3,"2":3,"3":3,"4":90,"5":90,"6":90,"7":2,"8":3},"f":{"0":90,"1":2},"b":{"0":[90,90],"1":[1,89],"2":[7,83],"3":[1,89],"4":[90,7]}}
,"/home/vpadilla/vinnare-front/src/features/auth/components/LoginForm.tsx": {"path":"/home/vpadilla/vinnare-front/src/features/auth/components/LoginForm.tsx","statementMap":{"0":{"start":{"line":1,"column":0},"end":{"line":1,"column":26}},"1":{"start":{"line":2,"column":0},"end":{"line":2,"column":42}},"2":{"start":{"line":3,"column":0},"end":{"line":3,"column":24}},"3":{"start":{"line":4,"column":0},"end":{"line":4,"column":54}},"4":{"start":{"line":5,"column":0},"end":{"line":5,"column":62}},"5":{"start":{"line":6,"column":0},"end":{"line":6,"column":72}},"6":{"start":{"line":7,"column":0},"end":{"line":7,"column":68}},"7":{"start":{"line":8,"column":0},"end":{"line":8,"column":61}},"8":{"start":{"line":9,"column":0},"end":{"line":9,"column":54}},"9":{"start":{"line":10,"column":0},"end":{"line":10,"column":47}},"10":{"start":{"line":11,"column":0},"end":{"line":11,"column":40}},"11":{"start":{"line":12,"column":0},"end":{"line":12,"column":72}},"12":{"start":{"line":13,"column":0},"end":{"line":13,"column":55}},"13":{"start":{"line":16,"column":20},"end":{"line":20,"column":2}},"14":{"start":{"line":24,"column":18},"end":{"line":123,"column":1}},"15":{"start":{"line":29,"column":6},"end":{"line":31,"column":4}},"16":{"start":{"line":33,"column":19},"end":{"line":33,"column":32}},"17":{"start":{"line":34,"column":34},"end":{"line":34,"column":43}},"18":{"start":{"line":36,"column":19},"end":{"line":74,"column":3}},"19":{"start":{"line":37,"column":4},"end":{"line":73,"column":5}},"20":{"start":{"line":38,"column":23},"end":{"line":40,"column":8}},"21":{"start":{"line":41,"column":57},"end":{"line":41,"column":65}},"22":{"start":{"line":42,"column":19},"end":{"line":42,"column":42}},"23":{"start":{"line":46,"column":6},"end":{"line":46,"column":66}},"24":{"start":{"line":47,"column":6},"end":{"line":47,"column":49}},"25":{"start":{"line":48,"column":6},"end":{"line":48,"column":47}},"26":{"start":{"line":49,"column":6},"end":{"line":51,"column":7}},"27":{"start":{"line":50,"column":8},"end":{"line":50,"column":47}},"28":{"start":{"line":52,"column":6},"end":{"line":52,"column":61}},"29":{"start":{"line":54,"column":6},"end":{"line":54,"column":29}},"30":{"start":{"line":56,"column":6},"end":{"line":67,"column":7}},"31":{"start":{"line":57,"column":8},"end":{"line":57,"column":36}},"32":{"start":{"line":58,"column":13},"end":{"line":67,"column":7}},"33":{"start":{"line":59,"column":8},"end":{"line":59,"column":31}},"34":{"start":{"line":60,"column":13},"end":{"line":67,"column":7}},"35":{"start":{"line":61,"column":8},"end":{"line":66,"column":9}},"36":{"start":{"line":62,"column":10},"end":{"line":62,"column":75}},"37":{"start":{"line":63,"column":10},"end":{"line":63,"column":null}},"38":{"start":{"line":65,"column":10},"end":{"line":65,"column":38}},"39":{"start":{"line":69,"column":6},"end":{"line":69,"column":75}},"40":{"start":{"line":70,"column":6},"end":{"line":72,"column":7}},"41":{"start":{"line":71,"column":8},"end":{"line":71,"column":65}},"42":{"start":{"line":76,"column":2},"end":{"line":122,"column":4}},"43":{"start":{"line":103,"column":27},"end":{"line":103,"column":55}},"44":{"start":{"line":125,"column":0},"end":{"line":125,"column":25}}},"fnMap":{"0":{"name":"(anonymous_1)","decl":{"start":{"line":24,"column":18},"end":{"line":24,"column":21}},"loc":{"start":{"line":24,"column":23},"end":{"line":123,"column":1}}},"1":{"name":"(anonymous_2)","decl":{"start":{"line":36,"column":19},"end":{"line":36,"column":24}},"loc":{"start":{"line":36,"column":49},"end":{"line":74,"column":3}}},"2":{"name":"(anonymous_3)","decl":{"start":{"line":103,"column":21},"end":{"line":103,"column":24}},"loc":{"start":{"line":103,"column":27},"end":{"line":103,"column":55}}}},"branchMap":{"0":{"loc":{"start":{"line":49,"column":6},"end":{"line":51,"column":7}},"type":"if","locations":[{"start":{"line":49,"column":6},"end":{"line":51,"column":7}}]},"1":{"loc":{"start":{"line":56,"column":6},"end":{"line":67,"column":7}},"type":"if","locations":[{"start":{"line":56,"column":6},"end":{"line":67,"column":7}},{"start":{"line":58,"column":13},"end":{"line":67,"column":7}}]},"2":{"loc":{"start":{"line":58,"column":13},"end":{"line":67,"column":7}},"type":"if","locations":[{"start":{"line":58,"column":13},"end":{"line":67,"column":7}},{"start":{"line":60,"column":13},"end":{"line":67,"column":7}}]},"3":{"loc":{"start":{"line":60,"column":13},"end":{"line":67,"column":7}},"type":"if","locations":[{"start":{"line":60,"column":13},"end":{"line":67,"column":7}}]},"4":{"loc":{"start":{"line":61,"column":8},"end":{"line":66,"column":9}},"type":"if","locations":[{"start":{"line":61,"column":8},"end":{"line":66,"column":9}},{"start":{"line":64,"column":14},"end":{"line":66,"column":9}}]},"5":{"loc":{"start":{"line":69,"column":36},"end":{"line":69,"column":73}},"type":"binary-expr","locations":[{"start":{"line":69,"column":36},"end":{"line":69,"column":56}},{"start":{"line":69,"column":60},"end":{"line":69,"column":73}}]},"6":{"loc":{"start":{"line":70,"column":6},"end":{"line":72,"column":7}},"type":"if","locations":[{"start":{"line":70,"column":6},"end":{"line":72,"column":7}}]},"7":{"loc":{"start":{"line":70,"column":10},"end":{"line":70,"column":57}},"type":"binary-expr","locations":[{"start":{"line":70,"column":10},"end":{"line":70,"column":24}},{"start":{"line":70,"column":28},"end":{"line":70,"column":57}}]}},"s":{"0":1,"1":1,"2":1,"3":1,"4":1,"5":1,"6":1,"7":1,"8":1,"9":1,"10":1,"11":1,"12":1,"13":1,"14":1,"15":25,"16":25,"17":25,"18":25,"19":6,"20":6,"21":4,"22":4,"23":4,"24":4,"25":4,"26":4,"27":4,"28":4,"29":4,"30":4,"31":1,"32":3,"33":1,"34":2,"35":2,"36":1,"37":1,"38":1,"39":2,"40":2,"41":1,"42":25,"43":1,"44":1},"f":{"0":25,"1":6,"2":1},"b":{"0":[4],"1":[1,3],"2":[1,2],"3":[2],"4":[1,1],"5":[2,1],"6":[1],"7":[2,1]}}
,"/home/vpadilla/vinnare-front/src/features/auth/components/SignUpForm.tsx": {"path":"/home/vpadilla/vinnare-front/src/features/auth/components/SignUpForm.tsx","statementMap":{"0":{"start":{"line":1,"column":0},"end":{"line":1,"column":26}},"1":{"start":{"line":2,"column":0},"end":{"line":2,"column":42}},"2":{"start":{"line":3,"column":0},"end":{"line":3,"column":24}},"3":{"start":{"line":4,"column":0},"end":{"line":4,"column":54}},"4":{"start":{"line":5,"column":0},"end":{"line":5,"column":62}},"5":{"start":{"line":6,"column":0},"end":{"line":6,"column":72}},"6":{"start":{"line":7,"column":0},"end":{"line":7,"column":64}},"7":{"start":{"line":8,"column":0},"end":{"line":8,"column":54}},"8":{"start":{"line":9,"column":0},"end":{"line":9,"column":61}},"9":{"start":{"line":10,"column":0},"end":{"line":10,"column":53}},"10":{"start":{"line":11,"column":0},"end":{"line":11,"column":77}},"11":{"start":{"line":12,"column":0},"end":{"line":12,"column":44}},"12":{"start":{"line":14,"column":15},"end":{"line":31,"column":4}},"13":{"start":{"line":28,"column":20},"end":{"line":28,"column":58}},"14":{"start":{"line":35,"column":19},"end":{"line":161,"column":1}},"15":{"start":{"line":36,"column":19},"end":{"line":36,"column":32}},"16":{"start":{"line":37,"column":28},"end":{"line":37,"column":57}},"17":{"start":{"line":42,"column":6},"end":{"line":44,"column":4}},"18":{"start":{"line":46,"column":36},"end":{"line":46,"column":84}},"19":{"start":{"line":48,"column":2},"end":{"line":58,"column":9}},"20":{"start":{"line":49,"column":27},"end":{"line":56,"column":5}},"21":{"start":{"line":50,"column":6},"end":{"line":55,"column":7}},"22":{"start":{"line":51,"column":21},"end":{"line":51,"column":49}},"23":{"start":{"line":52,"column":8},"end":{"line":52,"column":27}},"24":{"start":{"line":54,"column":8},"end":{"line":54,"column":56}},"25":{"start":{"line":57,"column":4},"end":{"line":57,"column":21}},"26":{"start":{"line":60,"column":19},"end":{"line":76,"column":3}},"27":{"start":{"line":61,"column":4},"end":{"line":75,"column":5}},"28":{"start":{"line":62,"column":6},"end":{"line":62,"column":21}},"29":{"start":{"line":63,"column":6},"end":{"line":71,"column":9}},"30":{"start":{"line":72,"column":6},"end":{"line":72,"column":25}},"31":{"start":{"line":74,"column":6},"end":{"line":74,"column":81}},"32":{"start":{"line":78,"column":2},"end":{"line":160,"column":4}},"33":{"start":{"line":162,"column":0},"end":{"line":162,"column":26}}},"fnMap":{"0":{"name":"(anonymous_1)","decl":{"start":{"line":28,"column":10},"end":{"line":28,"column":11}},"loc":{"start":{"line":28,"column":20},"end":{"line":28,"column":58}}},"1":{"name":"(anonymous_2)","decl":{"start":{"line":35,"column":19},"end":{"line":35,"column":22}},"loc":{"start":{"line":35,"column":24},"end":{"line":161,"column":1}}},"2":{"name":"(anonymous_3)","decl":{"start":{"line":48,"column":12},"end":{"line":48,"column":15}},"loc":{"start":{"line":48,"column":17},"end":{"line":58,"column":3}}},"3":{"name":"(anonymous_4)","decl":{"start":{"line":49,"column":27},"end":{"line":49,"column":32}},"loc":{"start":{"line":49,"column":38},"end":{"line":56,"column":5}}},"4":{"name":"(anonymous_5)","decl":{"start":{"line":60,"column":19},"end":{"line":60,"column":24}},"loc":{"start":{"line":60,"column":50},"end":{"line":76,"column":3}}}},"branchMap":{"0":{"loc":{"start":{"line":74,"column":15},"end":{"line":74,"column":79}},"type":"binary-expr","locations":[{"start":{"line":74,"column":15},"end":{"line":74,"column":42}},{"start":{"line":74,"column":46},"end":{"line":74,"column":79}}]},"1":{"loc":{"start":{"line":87,"column":9},"end":{"line":88,"column":null}},"type":"binary-expr","locations":[{"start":{"line":87,"column":9},"end":{"line":87,"column":14}},{"start":{"line":88,"column":10},"end":{"line":88,"column":73}}]},"2":{"loc":{"start":{"line":149,"column":11},"end":{"line":149,"column":53}},"type":"cond-expr","locations":[{"start":{"line":149,"column":26},"end":{"line":149,"column":41}},{"start":{"line":149,"column":44},"end":{"line":149,"column":53}}]}},"s":{"0":1,"1":1,"2":1,"3":1,"4":1,"5":1,"6":1,"7":1,"8":1,"9":1,"10":1,"11":1,"12":1,"13":5,"14":1,"15":29,"16":29,"17":29,"18":29,"19":29,"20":7,"21":7,"22":7,"23":7,"24":0,"25":7,"26":29,"27":2,"28":2,"29":2,"30":1,"31":1,"32":29,"33":1},"f":{"0":5,"1":29,"2":7,"3":7,"4":2},"b":{"0":[1,0],"1":[29,1],"2":[5,24]}}
,"/home/vpadilla/vinnare-front/src/layouts/FormCardLayout.tsx": {"path":"/home/vpadilla/vinnare-front/src/layouts/FormCardLayout.tsx","statementMap":{"0":{"start":{"line":1,"column":0},"end":{"line":1,"column":26}},"1":{"start":{"line":11,"column":23},"end":{"line":20,"column":1}},"2":{"start":{"line":12,"column":2},"end":{"line":19,"column":4}},"3":{"start":{"line":22,"column":0},"end":{"line":22,"column":30}}},"fnMap":{"0":{"name":"(anonymous_1)","decl":{"start":{"line":11,"column":23},"end":{"line":11,"column":24}},"loc":{"start":{"line":11,"column":98},"end":{"line":20,"column":1}}}},"branchMap":{"0":{"loc":{"start":{"line":14,"column":7},"end":{"line":14,"column":87}},"type":"binary-expr","locations":[{"start":{"line":14,"column":7},"end":{"line":14,"column":14}},{"start":{"line":14,"column":18},"end":{"line":14,"column":87}}]},"1":{"loc":{"start":{"line":16,"column":7},"end":{"line":16,"column":75}},"type":"binary-expr","locations":[{"start":{"line":16,"column":7},"end":{"line":16,"column":15}},{"start":{"line":16,"column":19},"end":{"line":16,"column":75}}]}},"s":{"0":2,"1":2,"2":54,"3":2},"f":{"0":54},"b":{"0":[54,54],"1":[54,54]}}
,"/home/vpadilla/vinnare-front/src/pages/Login.tsx": {"path":"/home/vpadilla/vinnare-front/src/pages/Login.tsx","statementMap":{"0":{"start":{"line":1,"column":0},"end":{"line":1,"column":62}},"1":{"start":{"line":2,"column":0},"end":{"line":2,"column":38}},"2":{"start":{"line":3,"column":0},"end":{"line":3,"column":49}},"3":{"start":{"line":4,"column":0},"end":{"line":4,"column":26}},"4":{"start":{"line":7,"column":18},"end":{"line":36,"column":3}},"5":{"start":{"line":8,"column":4},"end":{"line":35,"column":6}},"6":{"start":{"line":38,"column":2},"end":{"line":38,"column":27}}},"fnMap":{"0":{"name":"(anonymous_1)","decl":{"start":{"line":7,"column":18},"end":{"line":7,"column":21}},"loc":{"start":{"line":7,"column":23},"end":{"line":36,"column":3}}}},"branchMap":{},"s":{"0":1,"1":1,"2":1,"3":1,"4":1,"5":4,"6":1},"f":{"0":4},"b":{}}
,"/home/vpadilla/vinnare-front/src/pages/SignUp.tsx": {"path":"/home/vpadilla/vinnare-front/src/pages/SignUp.tsx","statementMap":{"0":{"start":{"line":1,"column":0},"end":{"line":1,"column":64}},"1":{"start":{"line":2,"column":0},"end":{"line":2,"column":38}},"2":{"start":{"line":3,"column":0},"end":{"line":3,"column":49}},"3":{"start":{"line":4,"column":0},"end":{"line":4,"column":26}},"4":{"start":{"line":6,"column":19},"end":{"line":33,"column":1}},"5":{"start":{"line":7,"column":2},"end":{"line":32,"column":4}},"6":{"start":{"line":35,"column":0},"end":{"line":35,"column":26}}},"fnMap":{"0":{"name":"(anonymous_1)","decl":{"start":{"line":6,"column":19},"end":{"line":6,"column":22}},"loc":{"start":{"line":6,"column":24},"end":{"line":33,"column":1}}}},"branchMap":{},"s":{"0":1,"1":1,"2":1,"3":1,"4":1,"5":2,"6":1},"f":{"0":2},"b":{}}
,"/home/vpadilla/vinnare-front/src/utils/cn.tsx": {"path":"/home/vpadilla/vinnare-front/src/utils/cn.tsx","statementMap":{"0":{"start":{"line":1,"column":0},"end":{"line":1,"column":16}},"1":{"start":{"line":2,"column":4},"end":{"line":2,"column":45}}},"fnMap":{"0":{"name":"cn","decl":{"start":{"line":1,"column":16},"end":{"line":1,"column":18}},"loc":{"start":{"line":1,"column":63},"end":{"line":3,"column":1}}}},"branchMap":{},"s":{"0":3,"1":58},"f":{"0":58},"b":{}}
}
