TN:
SF:src/components/atoms/Button.tsx
FN:9,(anonymous_1)
FNF:1
FNH:1
FNDA:58,(anonymous_1)
DA:1,3
DA:2,3
DA:9,3
DA:10,58
DA:12,58
DA:18,58
DA:28,3
LF:7
LH:7
BRDA:9,0,0,32
BRF:1
BRH:1
end_of_record
TN:
SF:src/components/atoms/CheckboxField.tsx
FN:10,(anonymous_1)
FNF:1
FNH:1
FNDA:31,(anonymous_1)
DA:1,2
DA:2,2
DA:9,2
DA:11,31
DA:43,2
LF:5
LH:5
BRDA:37,0,0,31
BRDA:37,0,1,1
BRF:2
BRH:2
end_of_record
TN:
SF:src/components/atoms/InputField.tsx
FN:10,(anonymous_1)
FNF:1
FNH:1
FNDA:174,(anonymous_1)
DA:1,3
DA:2,3
DA:9,3
DA:11,174
DA:12,174
DA:32,3
LF:6
LH:6
BRDA:11,0,0,174
BRDA:11,0,1,174
BRDA:18,1,0,174
BRDA:18,1,1,120
BRDA:23,2,0,18
BRDA:23,2,1,156
BRDA:26,3,0,174
BRDA:26,3,1,18
BRF:8
BRH:8
end_of_record
TN:
SF:src/components/atoms/SelectField.tsx
FN:16,(anonymous_1)
FN:31,(anonymous_2)
FNF:2
FNH:2
FNDA:33,(anonymous_1)
FNDA:36,(anonymous_2)
DA:1,2
DA:2,2
DA:15,2
DA:17,33
DA:18,33
DA:32,36
DA:43,2
LF:7
LH:7
BRDA:17,0,0,33
BRDA:17,0,1,33
BRDA:26,1,0,4
BRDA:26,1,1,29
BRDA:27,2,0,4
BRDA:27,2,1,29
BRDA:37,3,0,33
BRDA:37,3,1,4
BRF:8
BRH:8
end_of_record
TN:
SF:src/components/molecules/PasswordInput.tsx
FN:11,(anonymous_1)
FN:33,(anonymous_2)
FNF:2
FNH:2
FNDA:90,(anonymous_1)
FNDA:2,(anonymous_2)
DA:1,3
DA:2,3
DA:3,3
DA:10,3
DA:12,90
DA:13,90
DA:15,90
DA:33,2
DA:45,3
LF:9
LH:9
BRDA:12,0,0,90
BRDA:12,0,1,90
BRDA:21,1,0,1
BRDA:21,1,1,89
BRDA:27,2,0,7
BRDA:27,2,1,83
BRDA:36,3,0,1
BRDA:36,3,1,89
BRDA:39,4,0,90
BRDA:39,4,1,7
BRF:10
BRH:10
end_of_record
TN:
SF:src/features/auth/components/LoginForm.tsx
FN:24,(anonymous_1)
FN:36,(anonymous_2)
FN:103,(anonymous_3)
FNF:3
FNH:3
FNDA:25,(anonymous_1)
FNDA:6,(anonymous_2)
FNDA:1,(anonymous_3)
DA:1,1
DA:2,1
DA:3,1
DA:4,1
DA:5,1
DA:6,1
DA:7,1
DA:8,1
DA:9,1
DA:10,1
DA:11,1
DA:12,1
DA:13,1
DA:16,1
DA:24,1
DA:29,25
DA:33,25
DA:34,25
DA:36,25
DA:37,6
DA:38,6
DA:41,4
DA:42,4
DA:46,4
DA:47,4
DA:48,4
DA:49,4
DA:50,4
DA:52,4
DA:54,4
DA:56,4
DA:57,1
DA:58,3
DA:59,1
DA:60,2
DA:61,2
DA:62,1
DA:63,1
DA:65,1
DA:69,2
DA:70,2
DA:71,1
DA:76,25
DA:103,1
DA:125,1
LF:45
LH:45
BRDA:49,0,0,4
BRDA:56,1,0,1
BRDA:56,1,1,3
BRDA:58,2,0,1
BRDA:58,2,1,2
BRDA:60,3,0,2
BRDA:61,4,0,1
BRDA:61,4,1,1
BRDA:69,5,0,2
BRDA:69,5,1,1
BRDA:70,6,0,1
BRDA:70,7,0,2
BRDA:70,7,1,1
BRF:13
BRH:13
end_of_record
TN:
SF:src/features/auth/components/SignUpForm.tsx
FN:28,(anonymous_1)
FN:35,(anonymous_2)
FN:48,(anonymous_3)
FN:49,(anonymous_4)
FN:60,(anonymous_5)
FNF:5
FNH:5
FNDA:5,(anonymous_1)
FNDA:29,(anonymous_2)
FNDA:7,(anonymous_3)
FNDA:7,(anonymous_4)
FNDA:2,(anonymous_5)
DA:1,1
DA:2,1
DA:3,1
DA:4,1
DA:5,1
DA:6,1
DA:7,1
DA:8,1
DA:9,1
DA:10,1
DA:11,1
DA:12,1
DA:14,1
DA:28,5
DA:35,1
DA:36,29
DA:37,29
DA:42,29
DA:46,29
DA:48,29
DA:49,7
DA:50,7
DA:51,7
DA:52,7
DA:54,0
DA:57,7
DA:60,29
DA:61,2
DA:62,2
DA:63,2
DA:72,1
DA:74,1
DA:78,29
DA:162,1
LF:34
LH:33
BRDA:74,0,0,1
BRDA:74,0,1,0
BRDA:87,1,0,29
BRDA:87,1,1,1
BRDA:149,2,0,5
BRDA:149,2,1,24
BRF:6
BRH:5
end_of_record
TN:
SF:src/layouts/FormCardLayout.tsx
FN:11,(anonymous_1)
FNF:1
FNH:1
FNDA:54,(anonymous_1)
DA:1,2
DA:11,2
DA:12,54
DA:22,2
LF:4
LH:4
BRDA:14,0,0,54
BRDA:14,0,1,54
BRDA:16,1,0,54
BRDA:16,1,1,54
BRF:4
BRH:4
end_of_record
TN:
SF:src/pages/Login.tsx
FN:7,(anonymous_1)
FNF:1
FNH:1
FNDA:4,(anonymous_1)
DA:1,1
DA:2,1
DA:3,1
DA:4,1
DA:7,1
DA:8,4
DA:38,1
LF:7
LH:7
BRF:0
BRH:0
end_of_record
TN:
SF:src/pages/SignUp.tsx
FN:6,(anonymous_1)
FNF:1
FNH:1
FNDA:2,(anonymous_1)
DA:1,1
DA:2,1
DA:3,1
DA:4,1
DA:6,1
DA:7,2
DA:35,1
LF:7
LH:7
BRF:0
BRH:0
end_of_record
TN:
SF:src/utils/cn.tsx
FN:1,cn
FNF:1
FNH:1
FNDA:58,cn
DA:1,3
DA:2,58
LF:2
LH:2
BRF:0
BRH:0
end_of_record
