TN:
SF:src/components/atoms/Button.tsx
FN:9,(anonymous_1)
FNF:1
FNH:1
FNDA:61,(anonymous_1)
DA:1,3
DA:2,3
DA:9,3
DA:10,61
DA:12,61
DA:18,61
DA:28,3
LF:7
LH:7
BRDA:9,0,0,35
BRF:1
BRH:1
end_of_record
TN:
SF:src/components/atoms/CheckboxField.tsx
FN:10,(anonymous_1)
FNF:1
FNH:1
FNDA:31,(anonymous_1)
DA:1,2
DA:2,2
DA:9,2
DA:11,31
DA:43,2
LF:5
LH:5
BRDA:37,0,0,31
BRDA:37,0,1,1
BRF:2
BRH:2
end_of_record
TN:
SF:src/components/atoms/InputField.tsx
FN:10,(anonymous_1)
FNF:1
FNH:1
FNDA:189,(anonymous_1)
DA:1,3
DA:2,3
DA:9,3
DA:11,189
DA:12,189
DA:32,3
LF:6
LH:6
BRDA:11,0,0,189
BRDA:11,0,1,189
BRDA:18,1,0,189
BRDA:18,1,1,132
BRDA:23,2,0,18
BRDA:23,2,1,171
BRDA:26,3,0,189
BRDA:26,3,1,18
BRF:8
BRH:8
end_of_record
TN:
SF:src/components/atoms/SelectField.tsx
FN:16,(anonymous_1)
FN:31,(anonymous_2)
FNF:2
FNH:2
FNDA:36,(anonymous_1)
FNDA:36,(anonymous_2)
DA:1,2
DA:2,2
DA:15,2
DA:17,36
DA:18,36
DA:32,36
DA:43,2
LF:7
LH:7
BRDA:17,0,0,36
BRDA:17,0,1,36
BRDA:26,1,0,4
BRDA:26,1,1,32
BRDA:27,2,0,4
BRDA:27,2,1,32
BRDA:37,3,0,36
BRDA:37,3,1,4
BRF:8
BRH:8
end_of_record
TN:
SF:src/components/molecules/PasswordInput.tsx
FN:11,(anonymous_1)
FN:33,(anonymous_2)
FNF:2
FNH:2
FNDA:96,(anonymous_1)
FNDA:2,(anonymous_2)
DA:1,3
DA:2,3
DA:3,3
DA:10,3
DA:12,96
DA:13,96
DA:15,96
DA:33,2
DA:45,3
LF:9
LH:9
BRDA:12,0,0,96
BRDA:12,0,1,96
BRDA:21,1,0,1
BRDA:21,1,1,95
BRDA:27,2,0,7
BRDA:27,2,1,89
BRDA:36,3,0,1
BRDA:36,3,1,95
BRDA:39,4,0,96
BRDA:39,4,1,7
BRF:10
BRH:10
end_of_record
TN:
SF:src/components/molecules/SearchBar.tsx
FN:6,(anonymous_9)
FN:14,(anonymous_10)
FN:15,(anonymous_11)
FN:22,(anonymous_12)
FN:25,(anonymous_13)
FN:30,(anonymous_14)
FN:59,(anonymous_15)
FN:63,(anonymous_16)
FNF:8
FNH:8
FNDA:28,(anonymous_9)
FNDA:21,(anonymous_10)
FNDA:1,(anonymous_11)
FNDA:21,(anonymous_12)
FNDA:5,(anonymous_13)
FNDA:1,(anonymous_14)
FNDA:2,(anonymous_15)
FNDA:1,(anonymous_16)
DA:1,3
DA:2,3
DA:3,3
DA:4,3
DA:6,3
DA:7,28
DA:8,28
DA:9,28
DA:10,28
DA:11,28
DA:14,28
DA:15,21
DA:16,1
DA:17,1
DA:21,21
DA:22,21
DA:25,28
DA:26,5
DA:27,5
DA:30,28
DA:31,1
DA:32,1
DA:33,1
DA:36,28
DA:60,2
DA:63,1
LF:26
LH:26
BRDA:16,0,0,1
BRDA:16,1,0,1
BRDA:16,1,1,1
BRDA:51,2,0,28
BRDA:51,2,1,5
BRDA:51,2,2,5
BRDA:53,3,0,1
BRDA:53,3,1,4
BRDA:57,4,0,2
BRDA:57,4,1,2
BRF:10
BRH:10
end_of_record
TN:
SF:src/components/molecules/SectionHeader.tsx
FN:10,(anonymous_1)
FNF:1
FNH:1
FNDA:7,(anonymous_1)
DA:1,1
DA:10,1
DA:16,7
DA:32,1
LF:4
LH:4
BRDA:18,0,0,7
BRDA:18,0,1,2
BRDA:21,1,0,7
BRDA:21,1,1,3
BRF:4
BRH:4
end_of_record
TN:
SF:src/components/organisms/AdminHeader.tsx
FN:6,(anonymous_1)
FN:10,(anonymous_2)
FN:32,(anonymous_3)
FNF:3
FNH:3
FNDA:4,(anonymous_1)
FNDA:1,(anonymous_2)
FNDA:1,(anonymous_3)
DA:1,1
DA:2,1
DA:3,1
DA:4,1
DA:6,1
DA:7,4
DA:8,4
DA:10,4
DA:11,1
DA:12,1
DA:13,1
DA:14,1
DA:15,1
DA:16,1
DA:19,4
DA:32,1
DA:65,1
LF:17
LH:17
BRF:0
BRH:0
end_of_record
TN:
SF:src/components/organisms/CategoryCard.tsx
FN:9,(anonymous_1)
FNF:1
FNH:1
FNDA:27,(anonymous_1)
DA:1,2
DA:9,2
DA:10,27
DA:18,2
LF:4
LH:4
BRF:0
BRH:0
end_of_record
TN:
SF:src/components/organisms/DataTable.tsx
FN:25,DataTable
FN:44,(anonymous_2)
FN:55,(anonymous_3)
FN:59,(anonymous_4)
FN:61,(anonymous_5)
FN:68,(anonymous_6)
FN:73,(anonymous_7)
FNF:7
FNH:7
FNDA:31,DataTable
FNDA:136,(anonymous_2)
FNDA:37,(anonymous_3)
FNDA:1,(anonymous_4)
FNDA:184,(anonymous_5)
FNDA:64,(anonymous_6)
FNDA:5,(anonymous_7)
DA:1,3
DA:25,3
DA:33,31
DA:34,3
DA:36,28
DA:37,3
DA:39,25
DA:45,136
DA:56,37
DA:59,1
DA:62,184
DA:69,64
DA:73,5
LF:13
LH:13
BRDA:33,0,0,3
BRDA:36,1,0,3
BRDA:49,2,0,25
BRDA:49,2,1,23
BRDA:49,2,2,23
BRDA:58,3,0,2
BRDA:58,3,1,35
BRDA:59,4,0,2
BRDA:59,4,1,35
BRDA:63,5,0,102
BRDA:63,5,1,82
BRDA:66,6,0,37
BRDA:66,6,1,33
BRDA:66,6,2,33
BRDA:76,7,0,4
BRDA:76,7,1,60
BRF:16
BRH:16
end_of_record
TN:
SF:src/components/organisms/Footer.tsx
FN:6,(anonymous_1)
FN:9,(anonymous_2)
FN:67,(anonymous_3)
FNF:3
FNH:3
FNDA:5,(anonymous_1)
FNDA:1,(anonymous_2)
FNDA:15,(anonymous_3)
DA:1,1
DA:2,1
DA:3,1
DA:6,1
DA:7,5
DA:9,5
DA:10,1
DA:11,1
DA:14,5
DA:35,5
DA:68,15
DA:92,1
LF:12
LH:12
BRF:0
BRH:0
end_of_record
TN:
SF:src/components/organisms/HamburgerMenu.tsx
FN:8,(anonymous_1)
FN:21,(anonymous_2)
FN:31,(anonymous_3)
FN:39,(anonymous_4)
FN:50,(anonymous_5)
FN:65,(anonymous_6)
FN:78,(anonymous_7)
FN:85,(anonymous_8)
FN:101,(anonymous_9)
FNF:9
FNH:9
FNDA:29,(anonymous_1)
FNDA:1,(anonymous_2)
FNDA:2,(anonymous_3)
FNDA:8,(anonymous_4)
FNDA:1,(anonymous_5)
FNDA:1,(anonymous_6)
FNDA:1,(anonymous_7)
FNDA:1,(anonymous_8)
FNDA:1,(anonymous_9)
DA:1,2
DA:2,2
DA:3,2
DA:4,2
DA:5,2
DA:6,2
DA:8,2
DA:17,29
DA:18,29
DA:19,29
DA:21,29
DA:22,1
DA:23,1
DA:24,1
DA:25,1
DA:26,1
DA:27,1
DA:28,1
DA:31,29
DA:32,2
DA:33,2
DA:36,29
DA:39,8
DA:50,1
DA:66,1
DA:67,1
DA:78,1
DA:85,1
DA:102,1
DA:103,1
DA:117,2
LF:31
LH:31
BRDA:46,0,0,29
BRDA:46,0,1,8
BRDA:62,1,0,8
BRDA:62,1,1,3
BRDA:89,2,0,3
BRDA:89,2,1,5
BRF:6
BRH:6
end_of_record
TN:
SF:src/components/organisms/Header.tsx
FN:10,(anonymous_1)
FN:14,(anonymous_2)
FN:33,(anonymous_3)
FN:49,(anonymous_4)
FN:63,(anonymous_5)
FNF:5
FNH:5
FNDA:7,(anonymous_1)
FNDA:1,(anonymous_2)
FNDA:1,(anonymous_3)
FNDA:1,(anonymous_4)
FNDA:1,(anonymous_5)
DA:1,1
DA:2,1
DA:3,1
DA:4,1
DA:5,1
DA:6,1
DA:7,1
DA:10,1
DA:11,7
DA:12,7
DA:13,7
DA:14,7
DA:15,1
DA:16,1
DA:17,1
DA:21,7
DA:33,1
DA:49,1
DA:63,1
DA:77,1
LF:20
LH:20
BRDA:47,0,0,4
BRDA:47,0,1,3
BRDA:51,1,0,4
BRDA:51,1,1,0
BRF:4
BRH:3
end_of_record
TN:
SF:src/components/organisms/ImageSlider.tsx
FN:10,(anonymous_9)
FN:13,(anonymous_10)
FN:14,(anonymous_11)
FN:17,(anonymous_12)
FN:18,(anonymous_13)
FN:49,(anonymous_14)
FNF:6
FNH:6
FNDA:13,(anonymous_9)
FNDA:2,(anonymous_10)
FNDA:2,(anonymous_11)
FNDA:4,(anonymous_12)
FNDA:4,(anonymous_13)
FNDA:39,(anonymous_14)
DA:1,1
DA:2,1
DA:10,1
DA:11,13
DA:13,13
DA:14,2
DA:17,13
DA:18,4
DA:21,13
DA:50,39
DA:61,1
LF:11
LH:11
BRDA:14,0,0,2
BRDA:14,0,1,0
BRDA:18,1,0,1
BRDA:18,1,1,3
BRDA:53,2,0,13
BRDA:53,2,1,26
BRF:6
BRH:5
end_of_record
TN:
SF:src/components/organisms/ProductCard.tsx
FN:9,(anonymous_1)
FNF:1
FNH:1
FNDA:33,(anonymous_1)
DA:1,2
DA:9,2
DA:10,33
DA:19,2
LF:4
LH:4
BRF:0
BRH:0
end_of_record
TN:
SF:src/components/organisms/StaggeredImageGrid.tsx
FN:8,(anonymous_1)
FNF:1
FNH:1
FNDA:4,(anonymous_1)
DA:1,1
DA:8,1
DA:9,4
DA:25,1
LF:4
LH:4
BRDA:8,0,0,3
BRDA:12,1,0,4
BRDA:12,1,1,3
BRDA:16,2,0,4
BRDA:16,2,1,3
BRDA:20,3,0,4
BRDA:20,3,1,3
BRF:7
BRH:7
end_of_record
TN:
SF:src/context/AuthContext.tsx
FN:13,(anonymous_9)
FN:17,(anonymous_10)
FN:25,(anonymous_11)
FN:31,(anonymous_12)
FN:48,(anonymous_13)
FNF:5
FNH:5
FNDA:9,(anonymous_9)
FNDA:4,(anonymous_10)
FNDA:1,(anonymous_11)
FNDA:1,(anonymous_12)
FNDA:12,(anonymous_13)
DA:2,2
DA:11,2
DA:13,2
DA:14,9
DA:15,9
DA:17,9
DA:18,4
DA:19,4
DA:20,3
DA:21,3
DA:25,9
DA:26,1
DA:27,1
DA:28,1
DA:31,9
DA:32,1
DA:33,1
DA:34,1
DA:35,1
DA:36,1
DA:37,1
DA:38,1
DA:41,9
DA:48,2
DA:49,12
DA:50,11
DA:51,9
LF:27
LH:27
BRDA:19,0,0,3
BRDA:50,1,0,2
BRF:2
BRH:2
end_of_record
TN:
SF:src/context/purchaseContext.tsx
FN:7,(anonymous_9)
FN:16,(anonymous_10)
FNF:2
FNH:0
FNDA:0,(anonymous_9)
FNDA:0,(anonymous_10)
DA:1,1
DA:5,1
DA:7,1
DA:8,0
DA:9,0
DA:16,1
DA:17,0
DA:18,0
DA:19,0
LF:9
LH:4
BRDA:18,0,0,0
BRF:1
BRH:0
end_of_record
TN:
SF:src/features/auth/components/LoginForm.tsx
FN:24,(anonymous_1)
FN:36,(anonymous_2)
FN:103,(anonymous_3)
FNF:3
FNH:3
FNDA:25,(anonymous_1)
FNDA:6,(anonymous_2)
FNDA:1,(anonymous_3)
DA:1,1
DA:2,1
DA:3,1
DA:4,1
DA:5,1
DA:6,1
DA:7,1
DA:8,1
DA:9,1
DA:10,1
DA:11,1
DA:12,1
DA:13,1
DA:16,1
DA:24,1
DA:29,25
DA:33,25
DA:34,25
DA:36,25
DA:37,6
DA:38,6
DA:41,4
DA:42,4
DA:46,4
DA:47,4
DA:48,4
DA:49,4
DA:50,4
DA:52,4
DA:54,4
DA:56,4
DA:57,1
DA:58,3
DA:59,1
DA:60,2
DA:61,2
DA:62,1
DA:63,1
DA:65,1
DA:69,2
DA:70,2
DA:71,1
DA:76,25
DA:103,1
DA:125,1
LF:45
LH:45
BRDA:49,0,0,4
BRDA:56,1,0,1
BRDA:56,1,1,3
BRDA:58,2,0,1
BRDA:58,2,1,2
BRDA:60,3,0,2
BRDA:61,4,0,1
BRDA:61,4,1,1
BRDA:69,5,0,2
BRDA:69,5,1,1
BRDA:70,6,0,1
BRDA:70,7,0,2
BRDA:70,7,1,1
BRF:13
BRH:13
end_of_record
TN:
SF:src/features/auth/components/SignUpForm.tsx
FN:28,(anonymous_1)
FN:35,(anonymous_2)
FN:48,(anonymous_3)
FN:49,(anonymous_4)
FN:60,(anonymous_5)
FNF:5
FNH:5
FNDA:5,(anonymous_1)
FNDA:32,(anonymous_2)
FNDA:8,(anonymous_3)
FNDA:8,(anonymous_4)
FNDA:2,(anonymous_5)
DA:1,1
DA:2,1
DA:3,1
DA:4,1
DA:5,1
DA:6,1
DA:7,1
DA:8,1
DA:9,1
DA:10,1
DA:11,1
DA:12,1
DA:14,1
DA:28,5
DA:35,1
DA:36,32
DA:37,32
DA:42,32
DA:46,32
DA:48,32
DA:49,8
DA:50,8
DA:51,8
DA:52,7
DA:54,1
DA:57,8
DA:60,32
DA:61,2
DA:62,2
DA:63,2
DA:72,1
DA:74,1
DA:78,32
DA:162,1
LF:34
LH:34
BRDA:74,0,0,1
BRDA:74,0,1,0
BRDA:87,1,0,32
BRDA:87,1,1,2
BRDA:149,2,0,5
BRDA:149,2,1,27
BRF:6
BRH:5
end_of_record
TN:
SF:src/hooks/useCart.ts
FN:15,(anonymous_0)
FN:25,(anonymous_1)
FN:33,(anonymous_2)
FN:38,(anonymous_3)
FN:54,(anonymous_4)
FN:57,(anonymous_5)
FN:68,(anonymous_6)
FN:72,(anonymous_7)
FN:77,(anonymous_8)
FN:77,(anonymous_9)
FN:85,(anonymous_10)
FN:109,(anonymous_11)
FN:134,(anonymous_12)
FN:150,(anonymous_13)
FNF:14
FNH:14
FNDA:24,(anonymous_0)
FNDA:12,(anonymous_1)
FNDA:14,(anonymous_2)
FNDA:12,(anonymous_3)
FNDA:13,(anonymous_4)
FNDA:14,(anonymous_5)
FNDA:3,(anonymous_6)
FNDA:1,(anonymous_7)
FNDA:1,(anonymous_8)
FNDA:1,(anonymous_9)
FNDA:2,(anonymous_10)
FNDA:15,(anonymous_11)
FNDA:2,(anonymous_12)
FNDA:22,(anonymous_13)
DA:1,2
DA:2,2
DA:12,2
DA:13,2
DA:15,2
DA:16,24
DA:17,24
DA:18,24
DA:19,24
DA:20,24
DA:21,24
DA:24,24
DA:25,24
DA:26,12
DA:27,12
DA:29,24
DA:30,24
DA:32,24
DA:33,14
DA:36,24
DA:38,24
DA:39,12
DA:40,12
DA:41,12
DA:43,12
DA:44,0
DA:45,0
DA:46,0
DA:49,12
DA:51,12
DA:54,24
DA:55,13
DA:56,13
DA:57,14
DA:58,12
DA:59,12
DA:60,12
DA:62,1
DA:64,13
DA:68,24
DA:69,3
DA:72,24
DA:73,1
DA:75,1
DA:76,1
DA:77,1
DA:78,1
DA:79,1
DA:81,0
DA:85,24
DA:88,2
DA:89,2
DA:90,2
DA:91,1
DA:92,1
DA:93,1
DA:94,1
DA:98,1
DA:99,1
DA:100,1
DA:102,1
DA:104,1
DA:109,24
DA:110,15
DA:112,15
DA:120,15
DA:121,10
DA:122,10
DA:124,5
DA:130,15
DA:134,24
DA:135,2
DA:136,2
DA:137,2
DA:138,1
DA:139,1
DA:141,1
DA:145,2
DA:149,24
DA:150,24
DA:151,22
DA:153,24
LF:82
LH:78
BRDA:27,0,0,0
BRDA:27,0,1,12
BRDA:43,1,0,0
BRDA:43,2,0,12
BRDA:43,2,1,0
BRDA:62,3,0,1
BRDA:62,3,1,0
BRDA:73,4,0,0
BRDA:75,5,0,1
BRDA:75,5,1,0
BRDA:88,6,0,2
BRDA:104,7,0,1
BRDA:104,7,1,0
BRDA:112,8,0,15
BRDA:112,8,1,15
BRDA:125,9,0,5
BRDA:125,9,1,0
BRDA:136,10,0,2
BRDA:136,10,1,2
BRDA:142,11,0,1
BRDA:142,11,1,0
BRDA:149,12,0,24
BRDA:149,12,1,0
BRF:23
BRH:13
end_of_record
TN:
SF:src/hooks/useProductSearch.ts
FN:14,(anonymous_1)
FN:19,(anonymous_2)
FN:20,(anonymous_3)
FN:29,(anonymous_4)
FN:43,(anonymous_5)
FNF:5
FNH:3
FNDA:15,(anonymous_1)
FNDA:15,(anonymous_2)
FNDA:0,(anonymous_3)
FNDA:0,(anonymous_4)
FNDA:15,(anonymous_5)
DA:1,3
DA:2,3
DA:14,3
DA:15,15
DA:16,15
DA:17,15
DA:19,15
DA:20,15
DA:21,0
DA:22,0
DA:23,0
DA:26,0
DA:27,0
DA:28,0
DA:29,0
DA:33,0
DA:35,0
DA:37,0
DA:42,15
DA:43,15
DA:46,15
LF:21
LH:11
BRDA:21,0,0,0
BRDA:21,1,0,0
BRDA:21,1,1,0
BRDA:35,2,0,0
BRDA:35,2,1,0
BRF:5
BRH:0
end_of_record
TN:
SF:src/layouts/CategoryGrid.tsx
FN:14,(anonymous_1)
FN:17,(anonymous_2)
FNF:2
FNH:2
FNDA:13,(anonymous_1)
FNDA:27,(anonymous_2)
DA:1,2
DA:2,2
DA:14,2
DA:15,13
DA:18,27
DA:24,2
LF:6
LH:6
BRF:0
BRH:0
end_of_record
TN:
SF:src/layouts/FormCardLayout.tsx
FN:11,(anonymous_1)
FNF:1
FNH:1
FNDA:60,(anonymous_1)
DA:1,3
DA:11,3
DA:12,60
DA:22,3
LF:4
LH:4
BRDA:14,0,0,60
BRDA:14,0,1,58
BRDA:16,1,0,60
BRDA:16,1,1,58
BRF:4
BRH:4
end_of_record
TN:
SF:src/layouts/ProductGrid.tsx
FN:14,(anonymous_1)
FN:17,(anonymous_2)
FNF:2
FNH:2
FNDA:16,(anonymous_1)
FNDA:33,(anonymous_2)
DA:1,2
DA:2,2
DA:14,2
DA:15,16
DA:18,33
DA:29,2
LF:6
LH:6
BRF:0
BRH:0
end_of_record
TN:
SF:src/pages/LandingPage.tsx
FN:20,(anonymous_1)
FN:39,(anonymous_2)
FN:49,(anonymous_3)
FN:60,(anonymous_4)
FN:70,(anonymous_5)
FN:78,(anonymous_6)
FN:88,(anonymous_7)
FNF:7
FNH:7
FNDA:11,(anonymous_1)
FNDA:1,(anonymous_2)
FNDA:18,(anonymous_3)
FNDA:1,(anonymous_4)
FNDA:27,(anonymous_5)
FNDA:1,(anonymous_6)
FNDA:22,(anonymous_7)
DA:1,1
DA:2,1
DA:3,1
DA:4,1
DA:5,1
DA:6,1
DA:7,1
DA:8,1
DA:9,1
DA:10,1
DA:11,1
DA:12,1
DA:14,1
DA:20,1
DA:21,11
DA:22,11
DA:23,11
DA:24,11
DA:27,11
DA:39,1
DA:49,18
DA:60,1
DA:70,27
DA:78,1
DA:88,22
DA:104,1
LF:26
LH:26
BRDA:41,0,0,1
BRDA:41,0,1,10
BRDA:45,1,0,1
BRDA:45,1,1,9
BRDA:62,2,0,1
BRDA:62,2,1,10
BRDA:66,3,0,1
BRDA:66,3,1,9
BRDA:80,4,0,0
BRDA:80,4,1,11
BRDA:84,5,0,0
BRDA:84,5,1,11
BRDA:86,6,0,11
BRDA:86,6,1,11
BRF:14
BRH:12
end_of_record
TN:
SF:src/pages/Login.tsx
FN:7,(anonymous_1)
FNF:1
FNH:1
FNDA:4,(anonymous_1)
DA:1,1
DA:2,1
DA:3,1
DA:4,1
DA:7,1
DA:8,4
DA:38,1
LF:7
LH:7
BRF:0
BRH:0
end_of_record
TN:
SF:src/pages/SignUp.tsx
FN:6,(anonymous_1)
FNF:1
FNH:1
FNDA:2,(anonymous_1)
DA:1,1
DA:2,1
DA:3,1
DA:4,1
DA:6,1
DA:7,2
DA:35,1
LF:7
LH:7
BRF:0
BRH:0
end_of_record
TN:
SF:src/pages/Admin - Employee/AdminEmployeeHomepage.tsx
FN:15,(anonymous_1)
FN:19,(anonymous_2)
FN:30,(anonymous_3)
FN:33,(anonymous_4)
FNF:4
FNH:4
FNDA:4,(anonymous_1)
FNDA:28,(anonymous_2)
FNDA:25,(anonymous_3)
FNDA:1,(anonymous_4)
DA:1,1
DA:2,1
DA:3,1
DA:5,1
DA:15,1
DA:16,4
DA:17,4
DA:19,28
DA:21,4
DA:31,25
DA:33,1
DA:45,1
LF:12
LH:12
BRDA:17,0,0,4
BRDA:17,0,1,0
BRF:2
BRH:1
end_of_record
TN:
SF:src/pages/Admin - Employee/CategoryList.tsx
FN:9,(anonymous_1)
FN:18,(anonymous_2)
FN:22,(anonymous_3)
FN:28,(anonymous_4)
FN:33,(anonymous_5)
FN:43,(anonymous_6)
FN:44,(anonymous_7)
FN:53,(anonymous_8)
FN:68,(anonymous_9)
FN:73,(anonymous_10)
FN:94,(anonymous_11)
FN:95,(anonymous_12)
FN:99,(anonymous_13)
FN:118,(anonymous_14)
FN:124,(anonymous_15)
FN:145,(anonymous_16)
FN:158,(anonymous_17)
FN:172,(anonymous_18)
FN:178,(anonymous_19)
FNF:19
FNH:11
FNDA:19,(anonymous_1)
FNDA:7,(anonymous_2)
FNDA:2,(anonymous_3)
FNDA:1,(anonymous_4)
FNDA:1,(anonymous_5)
FNDA:0,(anonymous_6)
FNDA:0,(anonymous_7)
FNDA:0,(anonymous_8)
FNDA:1,(anonymous_9)
FNDA:0,(anonymous_10)
FNDA:0,(anonymous_11)
FNDA:0,(anonymous_12)
FNDA:0,(anonymous_13)
FNDA:23,(anonymous_14)
FNDA:1,(anonymous_15)
FNDA:23,(anonymous_16)
FNDA:1,(anonymous_17)
FNDA:2,(anonymous_18)
FNDA:0,(anonymous_19)
DA:1,1
DA:2,1
DA:3,1
DA:4,1
DA:5,1
DA:6,1
DA:7,1
DA:9,1
DA:10,19
DA:11,19
DA:12,19
DA:13,19
DA:14,19
DA:15,19
DA:16,19
DA:18,19
DA:19,7
DA:22,19
DA:23,2
DA:24,2
DA:25,2
DA:28,19
DA:29,1
DA:30,1
DA:31,1
DA:33,1
DA:34,1
DA:35,0
DA:38,1
DA:41,1
DA:43,0
DA:44,0
DA:45,0
DA:51,0
DA:53,0
DA:54,0
DA:59,0
DA:61,0
DA:64,0
DA:68,19
DA:69,1
DA:70,1
DA:73,19
DA:74,0
DA:75,0
DA:76,0
DA:78,0
DA:79,0
DA:80,0
DA:82,0
DA:88,0
DA:90,0
DA:91,0
DA:94,0
DA:95,0
DA:99,0
DA:100,0
DA:103,0
DA:105,0
DA:108,0
DA:112,19
DA:119,23
DA:124,1
DA:146,23
DA:153,19
DA:158,1
DA:172,2
DA:178,0
DA:183,19
DA:209,1
LF:70
LH:42
BRDA:34,0,0,0
BRDA:45,1,0,0
BRDA:45,1,1,0
BRDA:54,2,0,0
BRDA:54,2,1,0
BRDA:55,3,0,0
BRDA:55,3,1,0
BRDA:55,3,2,0
BRDA:61,4,0,0
BRDA:61,4,1,0
BRDA:61,4,2,0
BRDA:80,5,0,0
BRDA:90,6,0,0
BRDA:90,6,1,0
BRDA:90,7,0,0
BRDA:90,7,1,0
BRDA:100,8,0,0
BRDA:100,8,1,0
BRDA:119,9,0,4
BRDA:119,9,1,19
BRDA:130,10,0,4
BRDA:130,10,1,2
BRDA:147,11,0,13
BRDA:147,11,1,10
BRDA:153,12,0,4
BRDA:153,12,1,15
BRDA:159,13,0,4
BRDA:159,13,1,3
BRDA:165,14,0,4
BRDA:165,14,1,3
BRDA:173,15,0,15
BRDA:173,15,1,15
BRDA:179,16,0,15
BRDA:179,16,1,15
BRDA:192,17,0,19
BRDA:192,17,1,0
BRF:36
BRH:17
end_of_record
TN:
SF:src/pages/Admin - Employee/CreateCategory.tsx
FN:9,(anonymous_10)
FN:18,(anonymous_11)
FN:22,(anonymous_12)
FNF:3
FNH:3
FNDA:15,(anonymous_10)
FNDA:6,(anonymous_11)
FNDA:3,(anonymous_12)
DA:1,1
DA:2,1
DA:3,1
DA:4,1
DA:5,1
DA:6,1
DA:7,1
DA:9,1
DA:10,15
DA:14,15
DA:15,15
DA:16,15
DA:17,15
DA:18,15
DA:19,6
DA:22,15
DA:23,3
DA:24,3
DA:25,3
DA:26,3
DA:27,3
DA:28,3
DA:29,3
DA:30,2
DA:34,2
DA:35,1
DA:36,1
DA:40,1
DA:42,2
DA:44,3
DA:48,15
DA:76,1
LF:32
LH:32
BRDA:29,0,0,1
BRDA:42,1,0,2
BRDA:42,1,1,2
BRDA:42,1,2,0
BRDA:65,2,0,2
BRDA:65,2,1,13
BRDA:67,3,0,15
BRDA:67,3,1,1
BRDA:68,4,0,15
BRDA:68,4,1,2
BRF:10
BRH:9
end_of_record
TN:
SF:src/pages/Admin - Employee/ProductsList.tsx
FN:11,(anonymous_1)
FN:23,(anonymous_2)
FN:27,(anonymous_3)
FN:41,(anonymous_4)
FN:52,(anonymous_5)
FN:57,(anonymous_6)
FN:72,(anonymous_7)
FN:73,(anonymous_8)
FN:95,(anonymous_9)
FN:100,(anonymous_10)
FN:101,(anonymous_11)
FN:107,(anonymous_12)
FN:130,(anonymous_13)
FN:131,(anonymous_14)
FN:135,(anonymous_15)
FN:150,(anonymous_16)
FN:155,(anonymous_17)
FN:167,(anonymous_18)
FN:172,(anonymous_19)
FN:185,(anonymous_20)
FN:189,(anonymous_21)
FN:191,(anonymous_22)
FN:196,(anonymous_23)
FN:208,(anonymous_24)
FN:213,(anonymous_25)
FN:224,(anonymous_26)
FN:232,(anonymous_27)
FN:244,(anonymous_28)
FNF:28
FNH:10
FNDA:11,(anonymous_1)
FNDA:5,(anonymous_2)
FNDA:12,(anonymous_3)
FNDA:0,(anonymous_4)
FNDA:0,(anonymous_5)
FNDA:0,(anonymous_6)
FNDA:0,(anonymous_7)
FNDA:0,(anonymous_8)
FNDA:0,(anonymous_9)
FNDA:0,(anonymous_10)
FNDA:0,(anonymous_11)
FNDA:0,(anonymous_12)
FNDA:0,(anonymous_13)
FNDA:0,(anonymous_14)
FNDA:0,(anonymous_15)
FNDA:8,(anonymous_16)
FNDA:0,(anonymous_17)
FNDA:8,(anonymous_18)
FNDA:0,(anonymous_19)
FNDA:8,(anonymous_20)
FNDA:8,(anonymous_21)
FNDA:8,(anonymous_22)
FNDA:0,(anonymous_23)
FNDA:8,(anonymous_24)
FNDA:0,(anonymous_25)
FNDA:8,(anonymous_26)
FNDA:0,(anonymous_27)
FNDA:0,(anonymous_28)
DA:1,1
DA:2,1
DA:3,1
DA:4,1
DA:5,1
DA:6,1
DA:7,1
DA:8,1
DA:11,1
DA:12,11
DA:13,11
DA:14,11
DA:15,11
DA:16,11
DA:23,11
DA:24,5
DA:27,11
DA:28,12
DA:29,10
DA:30,10
DA:31,10
DA:32,10
DA:33,10
DA:34,10
DA:37,11
DA:38,11
DA:39,11
DA:41,11
DA:42,0
DA:43,0
DA:49,0
DA:52,11
DA:53,0
DA:54,0
DA:55,0
DA:57,0
DA:58,0
DA:59,0
DA:62,0
DA:70,0
DA:72,0
DA:73,0
DA:74,0
DA:86,0
DA:88,0
DA:89,0
DA:91,0
DA:95,11
DA:96,0
DA:97,0
DA:100,11
DA:101,0
DA:107,11
DA:108,0
DA:109,0
DA:110,0
DA:112,0
DA:113,0
DA:114,0
DA:115,0
DA:118,0
DA:124,0
DA:126,0
DA:127,0
DA:130,0
DA:131,0
DA:135,0
DA:136,0
DA:137,0
DA:140,0
DA:143,0
DA:147,11
DA:151,8
DA:155,0
DA:168,8
DA:172,0
DA:186,8
DA:189,8
DA:192,8
DA:196,0
DA:209,8
DA:213,0
DA:224,8
DA:228,11
DA:233,0
DA:234,0
DA:236,0
DA:245,0
DA:246,0
DA:248,0
DA:255,11
DA:256,2
DA:268,9
DA:269,2
DA:281,7
DA:310,1
LF:96
LH:47
BRDA:28,0,0,2
BRDA:58,1,0,0
BRDA:74,2,0,0
BRDA:74,2,1,0
BRDA:103,3,0,0
BRDA:103,3,1,0
BRDA:114,4,0,0
BRDA:126,5,0,0
BRDA:126,5,1,0
BRDA:126,6,0,0
BRDA:126,6,1,0
BRDA:136,7,0,0
BRDA:136,7,1,0
BRDA:136,8,0,0
BRDA:136,8,1,0
BRDA:151,9,0,0
BRDA:151,9,1,8
BRDA:168,10,0,0
BRDA:168,10,1,8
BRDA:189,11,0,4
BRDA:189,11,1,4
BRDA:192,12,0,0
BRDA:192,12,1,8
BRDA:209,13,0,0
BRDA:209,13,1,8
BRDA:230,14,0,0
BRDA:230,14,1,11
BRDA:231,15,0,0
BRDA:231,15,1,11
BRDA:233,16,0,0
BRDA:233,16,1,0
BRDA:239,17,0,11
BRDA:239,17,1,11
BRDA:242,18,0,0
BRDA:242,18,1,11
BRDA:243,19,0,0
BRDA:243,19,1,11
BRDA:245,20,0,0
BRDA:245,20,1,0
BRDA:251,21,0,11
BRDA:251,21,1,11
BRDA:255,22,0,2
BRDA:268,23,0,2
BRDA:293,24,0,7
BRDA:293,24,1,0
BRF:45
BRH:18
end_of_record
TN:
SF:src/services/api.ts
FN:11,(anonymous_1)
FNF:1
FNH:1
FNDA:4,(anonymous_1)
DA:1,11
DA:3,11
DA:11,11
DA:12,4
DA:13,4
DA:14,1
DA:16,4
DA:17,4
DA:20,11
LF:9
LH:9
BRDA:13,0,0,1
BRF:1
BRH:1
end_of_record
TN:
SF:src/services/shopperService.ts
FN:3,getProducts
FN:7,(anonymous_2)
FN:20,getProductById
FN:25,getCategories
FN:27,(anonymous_5)
FN:32,getWishlist
FN:37,addToWishlist
FN:45,(anonymous_8)
FN:50,(anonymous_9)
FN:59,getCart
FN:61,(anonymous_11)
FN:74,addToCart
FN:82,removeFromCart
FN:87,useCoupon
FN:94,viewPreview
FN:99,buyProducts
FNF:16
FNH:0
FNDA:0,getProducts
FNDA:0,(anonymous_2)
FNDA:0,getProductById
FNDA:0,getCategories
FNDA:0,(anonymous_5)
FNDA:0,getWishlist
FNDA:0,addToWishlist
FNDA:0,(anonymous_8)
FNDA:0,(anonymous_9)
FNDA:0,getCart
FNDA:0,(anonymous_11)
FNDA:0,addToCart
FNDA:0,removeFromCart
FNDA:0,useCoupon
FNDA:0,viewPreview
FNDA:0,buyProducts
DA:1,1
DA:3,1
DA:4,0
DA:7,0
DA:20,1
DA:21,0
DA:22,0
DA:25,1
DA:26,0
DA:27,0
DA:32,1
DA:33,0
DA:34,0
DA:37,1
DA:38,0
DA:42,0
DA:45,1
DA:46,0
DA:47,0
DA:50,1
DA:51,0
DA:56,0
DA:59,1
DA:60,0
DA:61,0
DA:74,1
DA:75,0
DA:79,0
DA:82,1
DA:83,0
DA:84,0
DA:87,1
DA:88,0
DA:91,0
DA:94,1
DA:95,0
DA:96,0
DA:99,1
DA:100,0
DA:101,0
LF:40
LH:14
BRF:0
BRH:0
end_of_record
TN:
SF:src/utils/cn.tsx
FN:1,cn
FNF:1
FNH:1
FNDA:61,cn
DA:1,3
DA:2,61
LF:2
LH:2
BRF:0
BRH:0
end_of_record
